TN:
SF:app/api/error.tsx
FN:10,Error
FNF:1
FNH:0
FNDA:0,Error
DA:8,0
DA:10,0
DA:17,0
LF:3
LH:0
BRF:0
BRH:0
end_of_record
TN:
SF:app/api/activity/route.ts
FN:16,(anonymous_16)
FN:16,(anonymous_17)
FN:30,(anonymous_18)
FN:91,(anonymous_19)
FNF:4
FNH:0
FNDA:0,(anonymous_16)
FNDA:0,(anonymous_17)
FNDA:0,(anonymous_18)
FNDA:0,(anonymous_19)
DA:1,0
DA:2,0
DA:3,0
DA:5,0
DA:16,0
DA:17,0
DA:18,0
DA:19,0
DA:22,0
DA:23,0
DA:30,0
DA:31,0
DA:32,0
DA:33,0
DA:40,0
DA:91,0
DA:99,0
DA:104,0
DA:105,0
LF:19
LH:0
BRDA:22,0,0,0
BRDA:32,1,0,0
BRF:2
BRH:0
end_of_record
TN:
SF:app/api/admin/diagnose-data/route.ts
FN:11,(anonymous_7)
FN:11,(anonymous_8)
FNF:2
FNH:0
FNDA:0,(anonymous_7)
FNDA:0,(anonymous_8)
DA:6,0
DA:7,0
DA:8,0
DA:11,0
DA:12,0
DA:15,0
DA:20,0
DA:26,0
DA:32,0
DA:39,0
DA:49,0
LF:11
LH:0
BRF:0
BRH:0
end_of_record
TN:
SF:app/api/admin/emergency-setup/route.ts
FN:14,(anonymous_7)
FN:14,(anonymous_8)
FNF:2
FNH:0
FNDA:0,(anonymous_7)
FNDA:0,(anonymous_8)
DA:8,0
DA:9,0
DA:10,0
DA:12,0
DA:14,0
DA:16,0
DA:17,0
DA:20,0
DA:21,0
DA:23,0
DA:26,0
DA:27,0
DA:48,0
DA:49,0
DA:51,0
DA:52,0
DA:53,0
DA:55,0
DA:60,0
DA:61,0
DA:71,0
DA:72,0
DA:74,0
DA:75,0
DA:76,0
DA:78,0
DA:84,0
DA:86,0
DA:87,0
DA:89,0
DA:97,0
DA:98,0
DA:99,0
DA:103,0
DA:112,0
DA:113,0
DA:116,0
DA:119,0
DA:122,0
DA:123,0
DA:128,0
DA:129,0
DA:131,0
DA:137,0
DA:138,0
DA:139,0
DA:141,0
DA:154,0
DA:155,0
DA:156,0
DA:160,0
DA:164,0
DA:165,0
DA:166,0
DA:167,0
DA:176,0
DA:179,0
DA:185,0
DA:186,0
DA:190,0
DA:191,0
DA:192,0
DA:193,0
DA:195,0
DA:196,0
DA:200,0
DA:201,0
DA:202,0
DA:203,0
DA:205,0
DA:206,0
DA:210,0
DA:211,0
DA:212,0
DA:213,0
DA:215,0
DA:216,0
DA:220,0
DA:221,0
DA:222,0
DA:223,0
DA:226,0
DA:227,0
DA:232,0
DA:233,0
DA:234,0
DA:235,0
DA:237,0
DA:238,0
DA:243,0
DA:244,0
DA:245,0
DA:246,0
DA:248,0
DA:249,0
DA:254,0
DA:255,0
DA:256,0
DA:257,0
DA:259,0
DA:260,0
DA:265,0
DA:266,0
DA:267,0
DA:268,0
DA:270,0
DA:271,0
DA:273,0
DA:288,0
DA:289,0
DA:291,0
DA:296,0
LF:112
LH:0
BRDA:16,0,0,0
BRDA:16,1,0,0
BRDA:16,1,1,0
BRDA:51,2,0,0
BRDA:51,2,1,0
BRDA:52,3,0,0
BRDA:52,3,1,0
BRDA:74,4,0,0
BRDA:74,4,1,0
BRDA:75,5,0,0
BRDA:75,5,1,0
BRDA:97,6,0,0
BRDA:97,7,0,0
BRDA:97,7,1,0
BRDA:97,8,0,0
BRDA:97,8,1,0
BRDA:112,9,0,0
BRDA:112,9,1,0
BRDA:112,10,0,0
BRDA:112,10,1,0
BRDA:112,11,0,0
BRDA:112,11,1,0
BRDA:122,12,0,0
BRDA:122,12,1,0
BRDA:137,13,0,0
BRDA:137,13,1,0
BRDA:165,14,0,0
BRDA:165,14,1,0
BRDA:165,15,0,0
BRDA:165,15,1,0
BRDA:190,16,0,0
BRDA:190,16,1,0
BRDA:193,17,0,0
BRDA:193,17,1,0
BRDA:200,18,0,0
BRDA:200,18,1,0
BRDA:203,19,0,0
BRDA:203,19,1,0
BRDA:210,20,0,0
BRDA:210,20,1,0
BRDA:213,21,0,0
BRDA:213,21,1,0
BRDA:220,22,0,0
BRDA:220,22,1,0
BRDA:223,23,0,0
BRDA:223,23,1,0
BRDA:232,24,0,0
BRDA:232,24,1,0
BRDA:235,25,0,0
BRDA:235,25,1,0
BRDA:243,26,0,0
BRDA:243,26,1,0
BRDA:246,27,0,0
BRDA:246,27,1,0
BRDA:254,28,0,0
BRDA:254,28,1,0
BRDA:257,29,0,0
BRDA:257,29,1,0
BRDA:265,30,0,0
BRDA:265,30,1,0
BRDA:268,31,0,0
BRDA:268,31,1,0
BRDA:288,32,0,0
BRDA:288,32,1,0
BRDA:289,33,0,0
BRDA:289,33,1,0
BRF:66
BRH:0
end_of_record
TN:
SF:app/api/admin/force-migrate/route.ts
FN:13,(anonymous_7)
FN:13,(anonymous_8)
FNF:2
FNH:0
FNDA:0,(anonymous_7)
FNDA:0,(anonymous_8)
DA:7,0
DA:8,0
DA:9,0
DA:11,0
DA:13,0
DA:14,0
DA:17,0
DA:24,0
DA:25,0
DA:31,0
DA:33,0
DA:34,0
DA:37,0
DA:38,0
DA:39,0
DA:40,0
DA:41,0
DA:43,0
DA:44,0
DA:45,0
DA:46,0
DA:47,0
DA:49,0
DA:50,0
DA:51,0
DA:52,0
DA:53,0
DA:55,0
DA:56,0
DA:57,0
DA:58,0
DA:59,0
DA:62,0
DA:63,0
DA:64,0
DA:65,0
DA:66,0
DA:68,0
DA:69,0
DA:70,0
DA:71,0
DA:72,0
DA:74,0
DA:75,0
DA:76,0
DA:77,0
DA:78,0
DA:80,0
DA:81,0
DA:82,0
DA:83,0
DA:84,0
DA:86,0
DA:88,0
LF:54
LH:0
BRDA:24,0,0,0
BRDA:39,1,0,0
BRDA:39,1,1,0
BRDA:45,2,0,0
BRDA:45,2,1,0
BRDA:51,3,0,0
BRDA:51,3,1,0
BRDA:57,4,0,0
BRDA:57,4,1,0
BRDA:64,5,0,0
BRDA:64,5,1,0
BRDA:70,6,0,0
BRDA:70,6,1,0
BRDA:76,7,0,0
BRDA:76,7,1,0
BRDA:82,8,0,0
BRDA:82,8,1,0
BRF:17
BRH:0
end_of_record
TN:
SF:app/api/admin/force-workspace-creation/route.ts
FN:14,(anonymous_7)
FN:14,(anonymous_8)
FNF:2
FNH:0
FNDA:0,(anonymous_7)
FNDA:0,(anonymous_8)
DA:8,0
DA:9,0
DA:10,0
DA:12,0
DA:14,0
DA:16,0
DA:17,0
DA:20,0
DA:21,0
DA:23,0
DA:24,0
DA:26,0
DA:29,0
DA:33,0
DA:34,0
DA:35,0
DA:43,0
DA:45,0
DA:46,0
DA:48,0
DA:67,0
DA:70,0
DA:72,0
DA:76,0
DA:78,0
DA:79,0
DA:81,0
DA:94,0
DA:97,0
DA:99,0
DA:101,0
DA:113,0
DA:117,0
DA:119,0
DA:123,0
DA:125,0
DA:129,0
DA:131,0
DA:135,0
DA:138,0
DA:144,0
DA:146,0
DA:152,0
DA:154,0
DA:160,0
DA:162,0
DA:168,0
DA:170,0
DA:172,0
DA:187,0
DA:189,0
DA:190,0
DA:192,0
DA:197,0
LF:54
LH:0
BRDA:16,0,0,0
BRDA:33,1,0,0
BRDA:79,2,0,0
BRDA:79,2,1,0
BRDA:79,3,0,0
BRDA:79,3,1,0
BRDA:117,4,0,0
BRDA:117,4,1,0
BRDA:123,5,0,0
BRDA:123,5,1,0
BRDA:129,6,0,0
BRDA:129,6,1,0
BRDA:135,7,0,0
BRDA:135,7,1,0
BRDA:144,8,0,0
BRDA:144,8,1,0
BRDA:152,9,0,0
BRDA:152,9,1,0
BRDA:160,10,0,0
BRDA:160,10,1,0
BRDA:168,11,0,0
BRDA:168,11,1,0
BRDA:189,12,0,0
BRDA:189,12,1,0
BRDA:190,13,0,0
BRDA:190,13,1,0
BRF:26
BRH:0
end_of_record
TN:
SF:app/api/admin/run-draft-member-migration/route.ts
FN:14,(anonymous_7)
FN:14,(anonymous_8)
FNF:2
FNH:0
FNDA:0,(anonymous_7)
FNDA:0,(anonymous_8)
DA:8,0
DA:9,0
DA:11,0
DA:12,0
DA:14,0
DA:16,0
DA:17,0
DA:20,0
DA:21,0
DA:23,0
DA:25,0
DA:27,0
DA:30,0
DA:34,0
DA:37,0
DA:48,0
DA:51,0
DA:62,0
DA:70,0
DA:73,0
DA:76,0
DA:80,0
DA:83,0
DA:90,0
DA:91,0
DA:95,0
DA:97,0
DA:108,0
DA:110,0
DA:121,0
DA:129,0
DA:131,0
DA:134,0
DA:138,0
DA:140,0
DA:144,0
DA:183,0
DA:184,0
DA:186,0
DA:187,0
DA:189,0
DA:196,0
DA:197,0
DA:199,0
DA:203,0
DA:204,0
DA:206,0
LF:47
LH:0
BRDA:16,0,0,0
BRDA:90,1,0,0
BRDA:90,1,1,0
BRDA:144,2,0,0
BRDA:144,2,1,0
BRDA:203,3,0,0
BRDA:203,3,1,0
BRF:7
BRH:0
end_of_record
TN:
SF:app/api/admin/run-migrations/route.ts
FN:16,(anonymous_7)
FN:16,(anonymous_8)
FN:28,(anonymous_9)
FN:56,(anonymous_10)
FN:57,(anonymous_11)
FNF:5
FNH:0
FNDA:0,(anonymous_7)
FNDA:0,(anonymous_8)
FNDA:0,(anonymous_9)
FNDA:0,(anonymous_10)
FNDA:0,(anonymous_11)
DA:8,0
DA:9,0
DA:10,0
DA:12,0
DA:13,0
DA:14,0
DA:16,0
DA:18,0
DA:19,0
DA:22,0
DA:23,0
DA:26,0
DA:27,0
DA:28,0
DA:31,0
DA:33,0
DA:35,0
DA:36,0
DA:37,0
DA:39,0
DA:40,0
DA:44,0
DA:46,0
DA:47,0
DA:50,0
DA:51,0
DA:52,0
DA:56,0
DA:57,0
DA:59,0
DA:76,0
DA:77,0
DA:79,0
LF:33
LH:0
BRDA:18,0,0,0
BRDA:18,1,0,0
BRDA:18,1,1,0
BRDA:50,2,0,0
BRDA:50,2,1,0
BRDA:76,3,0,0
BRDA:76,3,1,0
BRF:7
BRH:0
end_of_record
TN:
SF:app/api/admin/setup-default-workspace/route.ts
FN:21,(anonymous_7)
FN:21,(anonymous_8)
FN:60,(anonymous_9)
FNF:3
FNH:0
FNDA:0,(anonymous_7)
FNDA:0,(anonymous_8)
FNDA:0,(anonymous_9)
DA:8,0
DA:9,0
DA:11,0
DA:12,0
DA:18,0
DA:21,0
DA:23,0
DA:24,0
DA:27,0
DA:28,0
DA:31,0
DA:32,0
DA:33,0
DA:34,0
DA:44,0
DA:55,0
DA:56,0
DA:59,0
DA:60,0
DA:62,0
DA:63,0
DA:64,0
DA:66,0
DA:68,0
DA:69,0
DA:70,0
DA:73,0
DA:74,0
DA:78,0
DA:83,0
DA:85,0
DA:99,0
DA:100,0
DA:102,0
LF:34
LH:0
BRDA:23,0,0,0
BRDA:32,1,0,0
BRDA:46,2,0,0
BRDA:46,2,1,0
BRDA:60,3,0,0
BRDA:60,3,1,0
BRDA:64,4,0,0
BRDA:68,5,0,0
BRDA:68,5,1,0
BRDA:68,6,0,0
BRDA:68,6,1,0
BRDA:73,7,0,0
BRDA:73,7,1,0
BRDA:99,8,0,0
BRDA:99,8,1,0
BRF:15
BRH:0
end_of_record
TN:
SF:app/api/ai/brain-dump/route.ts
FN:15,(anonymous_7)
FN:15,(anonymous_8)
FN:61,(anonymous_9)
FN:93,(anonymous_10)
FN:118,(anonymous_11)
FN:122,(anonymous_12)
FN:182,(anonymous_13)
FN:182,(anonymous_14)
FNF:8
FNH:0
FNDA:0,(anonymous_7)
FNDA:0,(anonymous_8)
FNDA:0,(anonymous_9)
FNDA:0,(anonymous_10)
FNDA:0,(anonymous_11)
FNDA:0,(anonymous_12)
FNDA:0,(anonymous_13)
FNDA:0,(anonymous_14)
DA:1,0
DA:2,0
DA:3,0
DA:4,0
DA:5,0
DA:6,0
DA:7,0
DA:8,0
DA:10,0
DA:11,0
DA:12,0
DA:15,0
DA:16,0
DA:18,0
DA:19,0
DA:20,0
DA:26,0
DA:27,0
DA:34,0
DA:38,0
DA:39,0
DA:42,0
DA:45,0
DA:46,0
DA:47,0
DA:57,0
DA:60,0
DA:61,0
DA:74,0
DA:75,0
DA:78,0
DA:81,0
DA:91,0
DA:92,0
DA:93,0
DA:94,0
DA:109,0
DA:110,0
DA:114,0
DA:115,0
DA:116,0
DA:118,0
DA:119,0
DA:121,0
DA:122,0
DA:123,0
DA:128,0
DA:129,0
DA:130,0
DA:131,0
DA:138,0
DA:145,0
DA:151,0
DA:155,0
DA:173,0
DA:174,0
DA:182,0
DA:183,0
DA:184,0
DA:186,0
DA:191,0
DA:192,0
LF:62
LH:0
BRDA:19,0,0,0
BRDA:26,1,0,0
BRDA:38,2,0,0
BRDA:99,3,0,0
BRDA:99,3,1,0
BRDA:99,4,0,0
BRDA:99,4,1,0
BRDA:99,5,0,0
BRDA:99,5,1,0
BRDA:115,6,0,0
BRDA:115,7,0,0
BRDA:115,7,1,0
BRDA:119,8,0,0
BRDA:123,9,0,0
BRDA:123,9,1,0
BRDA:128,10,0,0
BRDA:128,11,0,0
BRDA:128,11,1,0
BRDA:128,11,2,0
BRDA:151,12,0,0
BRDA:151,12,1,0
BRF:21
BRH:0
end_of_record
TN:
SF:app/api/ai/budget-settings/route.ts
FN:27,(anonymous_7)
FN:27,(anonymous_8)
FN:51,(anonymous_9)
FN:51,(anonymous_10)
FNF:4
FNH:0
FNDA:0,(anonymous_7)
FNDA:0,(anonymous_8)
FNDA:0,(anonymous_9)
FNDA:0,(anonymous_10)
DA:1,0
DA:2,0
DA:3,0
DA:4,0
DA:6,0
DA:7,0
DA:8,0
DA:10,0
DA:20,0
DA:21,0
DA:27,0
DA:28,0
DA:29,0
DA:31,0
DA:36,0
DA:37,0
DA:51,0
DA:52,0
DA:54,0
DA:55,0
DA:62,0
DA:63,0
DA:70,0
DA:71,0
DA:72,0
DA:74,0
DA:84,0
DA:86,0
DA:95,0
DA:100,0
DA:101,0
DA:106,0
DA:107,0
LF:33
LH:0
BRDA:40,0,0,0
BRDA:40,0,1,0
BRDA:62,1,0,0
BRDA:100,2,0,0
BRDA:110,3,0,0
BRDA:110,3,1,0
BRF:6
BRH:0
end_of_record
TN:
SF:app/api/ai/digest/route.ts
FN:14,(anonymous_7)
FN:14,(anonymous_8)
FN:67,(anonymous_9)
FN:75,(anonymous_10)
FN:133,(anonymous_11)
FN:133,(anonymous_12)
FNF:6
FNH:0
FNDA:0,(anonymous_7)
FNDA:0,(anonymous_8)
FNDA:0,(anonymous_9)
FNDA:0,(anonymous_10)
FNDA:0,(anonymous_11)
FNDA:0,(anonymous_12)
DA:1,0
DA:2,0
DA:3,0
DA:4,0
DA:5,0
DA:6,0
DA:7,0
DA:9,0
DA:10,0
DA:11,0
DA:14,0
DA:15,0
DA:17,0
DA:18,0
DA:19,0
DA:25,0
DA:26,0
DA:33,0
DA:37,0
DA:38,0
DA:41,0
DA:44,0
DA:47,0
DA:48,0
DA:49,0
DA:57,0
DA:59,0
DA:60,0
DA:67,0
DA:68,0
DA:75,0
DA:88,0
DA:97,0
DA:107,0
DA:108,0
DA:116,0
DA:118,0
DA:124,0
DA:125,0
DA:133,0
DA:134,0
DA:135,0
DA:136,0
DA:137,0
DA:139,0
DA:140,0
DA:141,0
DA:142,0
DA:147,0
DA:153,0
DA:155,0
DA:160,0
DA:161,0
LF:53
LH:0
BRDA:18,0,0,0
BRDA:25,1,0,0
BRDA:37,2,0,0
BRDA:44,3,0,0
BRDA:44,3,1,0
BRDA:48,4,0,0
BRDA:59,5,0,0
BRDA:93,6,0,0
BRDA:93,6,1,0
BRDA:126,7,0,0
BRDA:126,7,1,0
BRDA:137,8,0,0
BRDA:137,8,1,0
BRDA:139,9,0,0
BRDA:141,10,0,0
BRF:15
BRH:0
end_of_record
TN:
SF:app/api/ai/eod-parse/route.ts
FN:15,getCurrentQuarter
FN:24,(anonymous_8)
FN:24,(anonymous_9)
FN:52,(anonymous_10)
FN:115,(anonymous_11)
FNF:5
FNH:0
FNDA:0,getCurrentQuarter
FNDA:0,(anonymous_8)
FNDA:0,(anonymous_9)
FNDA:0,(anonymous_10)
FNDA:0,(anonymous_11)
DA:1,0
DA:2,0
DA:3,0
DA:4,0
DA:5,0
DA:6,0
DA:7,0
DA:8,0
DA:10,0
DA:11,0
DA:12,0
DA:16,0
DA:17,0
DA:18,0
DA:19,0
DA:20,0
DA:24,0
DA:25,0
DA:27,0
DA:28,0
DA:29,0
DA:36,0
DA:37,0
DA:44,0
DA:45,0
DA:46,0
DA:48,0
DA:52,0
DA:59,0
DA:60,0
DA:61,0
DA:75,0
DA:78,0
DA:81,0
DA:84,0
DA:91,0
DA:106,0
DA:115,0
DA:120,0
DA:121,0
LF:40
LH:0
BRDA:28,0,0,0
BRDA:36,1,0,0
BRDA:46,2,0,0
BRDA:46,2,1,0
BRDA:46,3,0,0
BRDA:46,3,1,0
BRDA:46,4,0,0
BRDA:46,4,1,0
BRDA:60,5,0,0
BRDA:64,6,0,0
BRDA:64,6,1,0
BRDA:78,7,0,0
BRDA:78,7,1,0
BRDA:122,8,0,0
BRDA:122,8,1,0
BRF:15
BRH:0
end_of_record
TN:
SF:app/api/ai/manager-insights/route.ts
FN:12,(anonymous_7)
FN:12,(anonymous_8)
FNF:2
FNH:0
FNDA:0,(anonymous_7)
FNDA:0,(anonymous_8)
DA:1,0
DA:2,0
DA:3,0
DA:4,0
DA:5,0
DA:6,0
DA:7,0
DA:8,0
DA:9,0
DA:12,0
DA:13,0
DA:15,0
DA:16,0
DA:17,0
DA:24,0
DA:28,0
DA:29,0
DA:32,0
DA:33,0
DA:34,0
DA:35,0
DA:36,0
DA:37,0
DA:39,0
DA:40,0
DA:41,0
DA:47,0
DA:48,0
DA:49,0
DA:55,0
DA:58,0
DA:67,0
DA:72,0
DA:73,0
LF:34
LH:0
BRDA:16,0,0,0
BRDA:28,1,0,0
BRDA:40,2,0,0
BRDA:48,3,0,0
BRF:4
BRH:0
end_of_record
TN:
SF:app/api/ai/meeting-notes/route.ts
FN:12,(anonymous_7)
FN:12,(anonymous_8)
FNF:2
FNH:0
FNDA:0,(anonymous_7)
FNDA:0,(anonymous_8)
DA:1,0
DA:2,0
DA:3,0
DA:4,0
DA:5,0
DA:6,0
DA:7,0
DA:8,0
DA:9,0
DA:12,0
DA:13,0
DA:15,0
DA:16,0
DA:17,0
DA:24,0
DA:28,0
DA:29,0
DA:32,0
DA:33,0
DA:35,0
DA:37,0
DA:38,0
DA:39,0
DA:45,0
DA:46,0
DA:47,0
DA:53,0
DA:56,0
DA:65,0
DA:70,0
DA:71,0
LF:31
LH:0
BRDA:16,0,0,0
BRDA:28,1,0,0
BRDA:38,2,0,0
BRDA:46,3,0,0
BRF:4
BRH:0
end_of_record
TN:
SF:app/api/ai/meeting-prep/route.ts
FN:13,(anonymous_7)
FN:13,(anonymous_8)
FNF:2
FNH:0
FNDA:0,(anonymous_7)
FNDA:0,(anonymous_8)
DA:1,0
DA:2,0
DA:3,0
DA:4,0
DA:5,0
DA:6,0
DA:7,0
DA:8,0
DA:9,0
DA:10,0
DA:13,0
DA:14,0
DA:16,0
DA:17,0
DA:18,0
DA:25,0
DA:29,0
DA:30,0
DA:33,0
DA:34,0
DA:36,0
DA:37,0
DA:38,0
DA:40,0
DA:41,0
DA:42,0
DA:48,0
DA:49,0
DA:50,0
DA:56,0
DA:57,0
DA:60,0
DA:69,0
DA:74,0
DA:75,0
LF:35
LH:0
BRDA:17,0,0,0
BRDA:29,1,0,0
BRDA:41,2,0,0
BRDA:49,3,0,0
BRF:4
BRH:0
end_of_record
TN:
SF:app/api/ai/parse-eod/route.ts
FN:26,(anonymous_7)
FN:26,(anonymous_8)
FN:91,(anonymous_9)
FN:157,(anonymous_10)
FN:157,(anonymous_11)
FN:193,(anonymous_12)
FN:193,(anonymous_13)
FN:242,(anonymous_14)
FN:243,(anonymous_15)
FN:251,(anonymous_16)
FN:252,(anonymous_17)
FNF:11
FNH:0
FNDA:0,(anonymous_7)
FNDA:0,(anonymous_8)
FNDA:0,(anonymous_9)
FNDA:0,(anonymous_10)
FNDA:0,(anonymous_11)
FNDA:0,(anonymous_12)
FNDA:0,(anonymous_13)
FNDA:0,(anonymous_14)
FNDA:0,(anonymous_15)
FNDA:0,(anonymous_16)
FNDA:0,(anonymous_17)
DA:1,0
DA:2,0
DA:3,0
DA:4,0
DA:5,0
DA:6,0
DA:7,0
DA:9,0
DA:10,0
DA:11,0
DA:13,0
DA:17,0
DA:22,0
DA:23,0
DA:26,0
DA:27,0
DA:29,0
DA:30,0
DA:37,0
DA:38,0
DA:45,0
DA:46,0
DA:47,0
DA:49,0
DA:52,0
DA:53,0
DA:60,0
DA:64,0
DA:65,0
DA:68,0
DA:71,0
DA:72,0
DA:73,0
DA:80,0
DA:81,0
DA:82,0
DA:90,0
DA:91,0
DA:93,0
DA:94,0
DA:101,0
DA:104,0
DA:107,0
DA:117,0
DA:118,0
DA:126,0
DA:128,0
DA:142,0
DA:143,0
DA:148,0
DA:149,0
DA:157,0
DA:158,0
DA:159,0
DA:160,0
DA:161,0
DA:163,0
DA:164,0
DA:165,0
DA:166,0
DA:171,0
DA:177,0
DA:179,0
DA:184,0
DA:185,0
DA:193,0
DA:194,0
DA:196,0
DA:197,0
DA:204,0
DA:205,0
DA:212,0
DA:213,0
DA:214,0
DA:216,0
DA:219,0
DA:220,0
DA:226,0
DA:229,0
DA:232,0
DA:234,0
DA:235,0
DA:242,0
DA:243,0
DA:245,0
DA:251,0
DA:252,0
DA:254,0
DA:255,0
DA:256,0
DA:257,0
DA:258,0
DA:259,0
DA:260,0
DA:261,0
DA:264,0
DA:266,0
DA:267,0
DA:268,0
DA:269,0
DA:272,0
DA:273,0
DA:276,0
DA:279,0
DA:282,0
DA:292,0
DA:293,0
DA:301,0
DA:302,0
DA:304,0
DA:305,0
DA:313,0
DA:327,0
DA:328,0
DA:333,0
DA:334,0
LF:116
LH:0
BRDA:37,0,0,0
BRDA:52,1,0,0
BRDA:64,2,0,0
BRDA:72,3,0,0
BRDA:81,4,0,0
BRDA:93,5,0,0
BRDA:142,6,0,0
BRDA:150,7,0,0
BRDA:150,7,1,0
BRDA:161,8,0,0
BRDA:161,8,1,0
BRDA:163,9,0,0
BRDA:165,10,0,0
BRDA:204,11,0,0
BRDA:219,12,0,0
BRDA:229,13,0,0
BRDA:229,13,1,0
BRDA:234,14,0,0
BRDA:258,15,0,0
BRDA:259,16,0,0
BRDA:259,16,1,0
BRDA:267,17,0,0
BRDA:273,18,0,0
BRDA:276,19,0,0
BRDA:276,19,1,0
BRDA:304,20,0,0
BRDA:304,21,0,0
BRDA:304,21,1,0
BRDA:327,22,0,0
BRDA:335,23,0,0
BRDA:335,23,1,0
BRF:31
BRH:0
end_of_record
TN:
SF:app/api/ai/prioritize/route.ts
FN:12,(anonymous_7)
FN:12,(anonymous_8)
FNF:2
FNH:0
FNDA:0,(anonymous_7)
FNDA:0,(anonymous_8)
DA:1,0
DA:2,0
DA:3,0
DA:4,0
DA:5,0
DA:6,0
DA:7,0
DA:8,0
DA:9,0
DA:12,0
DA:13,0
DA:15,0
DA:16,0
DA:17,0
DA:24,0
DA:28,0
DA:29,0
DA:32,0
DA:34,0
DA:35,0
DA:36,0
DA:42,0
DA:43,0
DA:44,0
DA:50,0
DA:53,0
DA:62,0
DA:67,0
DA:68,0
LF:29
LH:0
BRDA:16,0,0,0
BRDA:28,1,0,0
BRDA:35,2,0,0
BRDA:43,3,0,0
BRF:4
BRH:0
end_of_record
TN:
SF:app/api/ai/query/route.ts
FN:14,(anonymous_7)
FN:14,(anonymous_8)
FN:49,(anonymous_9)
FN:68,(anonymous_10)
FN:71,(anonymous_11)
FN:74,(anonymous_12)
FN:80,(anonymous_13)
FN:157,(anonymous_14)
FN:157,(anonymous_15)
FNF:9
FNH:0
FNDA:0,(anonymous_7)
FNDA:0,(anonymous_8)
FNDA:0,(anonymous_9)
FNDA:0,(anonymous_10)
FNDA:0,(anonymous_11)
FNDA:0,(anonymous_12)
FNDA:0,(anonymous_13)
FNDA:0,(anonymous_14)
FNDA:0,(anonymous_15)
DA:1,0
DA:2,0
DA:3,0
DA:4,0
DA:5,0
DA:6,0
DA:7,0
DA:9,0
DA:10,0
DA:11,0
DA:14,0
DA:15,0
DA:17,0
DA:18,0
DA:19,0
DA:25,0
DA:26,0
DA:33,0
DA:37,0
DA:38,0
DA:41,0
DA:45,0
DA:48,0
DA:49,0
DA:62,0
DA:63,0
DA:64,0
DA:67,0
DA:68,0
DA:70,0
DA:71,0
DA:73,0
DA:74,0
DA:78,0
DA:79,0
DA:80,0
DA:83,0
DA:84,0
DA:92,0
DA:95,0
DA:103,0
DA:117,0
DA:127,0
DA:135,0
DA:138,0
DA:139,0
DA:149,0
DA:157,0
DA:158,0
DA:159,0
DA:160,0
DA:162,0
DA:168,0
DA:173,0
DA:174,0
LF:55
LH:0
BRDA:18,0,0,0
BRDA:25,1,0,0
BRDA:37,2,0,0
BRDA:45,3,0,0
BRDA:45,3,1,0
BRDA:67,4,0,0
BRDA:67,4,1,0
BRDA:70,5,0,0
BRDA:70,5,1,0
BRDA:73,6,0,0
BRDA:73,6,1,0
BRDA:138,7,0,0
BRDA:160,8,0,0
BRDA:160,8,1,0
BRF:14
BRH:0
end_of_record
TN:
SF:app/api/ai/scorecard-insights/route.ts
FN:13,(anonymous_7)
FN:13,(anonymous_8)
FNF:2
FNH:0
FNDA:0,(anonymous_7)
FNDA:0,(anonymous_8)
DA:1,0
DA:2,0
DA:3,0
DA:4,0
DA:5,0
DA:6,0
DA:7,0
DA:8,0
DA:9,0
DA:10,0
DA:13,0
DA:14,0
DA:16,0
DA:17,0
DA:18,0
DA:25,0
DA:29,0
DA:30,0
DA:33,0
DA:35,0
DA:36,0
DA:37,0
DA:43,0
DA:44,0
DA:45,0
DA:51,0
DA:52,0
DA:55,0
DA:64,0
DA:69,0
DA:70,0
LF:31
LH:0
BRDA:17,0,0,0
BRDA:29,1,0,0
BRDA:36,2,0,0
BRDA:44,3,0,0
BRF:4
BRH:0
end_of_record
TN:
SF:app/api/ai/slack/route.ts
FN:18,(anonymous_7)
FN:18,(anonymous_8)
FN:74,(anonymous_9)
FN:112,(anonymous_10)
FNF:4
FNH:0
FNDA:0,(anonymous_7)
FNDA:0,(anonymous_8)
FNDA:0,(anonymous_9)
FNDA:0,(anonymous_10)
DA:1,0
DA:2,0
DA:3,0
DA:4,0
DA:5,0
DA:11,0
DA:13,0
DA:14,0
DA:15,0
DA:18,0
DA:19,0
DA:21,0
DA:22,0
DA:23,0
DA:29,0
DA:32,0
DA:33,0
DA:34,0
DA:41,0
DA:42,0
DA:43,0
DA:50,0
DA:51,0
DA:52,0
DA:53,0
DA:59,0
DA:61,0
DA:64,0
DA:65,0
DA:66,0
DA:73,0
DA:74,0
DA:76,0
DA:77,0
DA:83,0
DA:93,0
DA:95,0
DA:97,0
DA:102,0
DA:107,0
DA:109,0
DA:110,0
DA:111,0
DA:112,0
DA:114,0
DA:117,0
DA:118,0
DA:124,0
DA:133,0
DA:134,0
DA:139,0
DA:140,0
DA:141,0
DA:147,0
DA:148,0
DA:152,0
DA:158,0
DA:159,0
DA:165,0
DA:171,0
DA:172,0
LF:61
LH:0
BRDA:22,0,0,0
BRDA:33,1,0,0
BRDA:42,2,0,0
BRDA:51,3,0,0
BRDA:51,3,1,0
BRDA:51,4,0,0
BRDA:51,4,1,0
BRDA:51,5,0,0
BRDA:51,5,1,0
BRDA:51,6,0,0
BRDA:51,6,1,0
BRDA:51,7,0,0
BRDA:51,7,1,0
BRDA:52,8,0,0
BRDA:61,9,0,0
BRDA:61,9,1,0
BRDA:61,9,2,0
BRDA:61,9,3,0
BRDA:65,10,0,0
BRDA:76,11,0,0
BRDA:84,12,0,0
BRDA:84,12,1,0
BRDA:88,13,0,0
BRDA:88,13,1,0
BRDA:95,14,0,0
BRDA:110,15,0,0
BRDA:110,15,1,0
BRDA:112,16,0,0
BRDA:112,16,1,0
BRDA:117,17,0,0
BRDA:127,18,0,0
BRDA:127,18,1,0
BRDA:127,19,0,0
BRDA:127,19,1,0
BRDA:127,20,0,0
BRDA:127,20,1,0
BRDA:128,21,0,0
BRDA:128,21,1,0
BRDA:128,22,0,0
BRDA:128,22,1,0
BRDA:128,23,0,0
BRDA:128,23,1,0
BRDA:140,24,0,0
BRDA:158,25,0,0
BRF:44
BRH:0
end_of_record
TN:
SF:app/api/ai/suggestions/route.ts
FN:31,(anonymous_7)
FN:31,(anonymous_8)
FN:104,parseArrayParam
FN:106,(anonymous_10)
FNF:4
FNH:0
FNDA:0,(anonymous_7)
FNDA:0,(anonymous_8)
FNDA:0,parseArrayParam
FNDA:0,(anonymous_10)
DA:1,0
DA:2,0
DA:3,0
DA:8,0
DA:10,0
DA:11,0
DA:14,0
DA:15,0
DA:31,0
DA:32,0
DA:34,0
DA:35,0
DA:42,0
DA:43,0
DA:50,0
DA:51,0
DA:52,0
DA:54,0
DA:57,0
DA:60,0
DA:75,0
DA:80,0
DA:93,0
DA:94,0
DA:105,0
DA:106,0
DA:107,0
LF:27
LH:0
BRDA:42,0,0,0
BRDA:61,1,0,0
BRDA:61,1,1,0
BRDA:62,2,0,0
BRDA:62,2,1,0
BRDA:63,3,0,0
BRDA:63,3,1,0
BRDA:64,4,0,0
BRDA:64,4,1,0
BRDA:65,5,0,0
BRDA:65,5,1,0
BRDA:66,6,0,0
BRDA:66,6,1,0
BRDA:86,7,0,0
BRDA:86,7,1,0
BRDA:87,8,0,0
BRDA:87,8,1,0
BRDA:88,9,0,0
BRDA:88,9,1,0
BRDA:105,10,0,0
BRDA:107,11,0,0
BRDA:107,11,1,0
BRDA:107,12,0,0
BRDA:107,12,1,0
BRF:24
BRH:0
end_of_record
TN:
SF:app/api/ai/suggestions/[id]/approve/route.ts
FN:24,(anonymous_7)
FN:24,(anonymous_8)
FN:64,(anonymous_9)
FN:97,(anonymous_10)
FN:97,(anonymous_11)
FN:121,createEntityFromSuggestion
FNF:6
FNH:0
FNDA:0,(anonymous_7)
FNDA:0,(anonymous_8)
FNDA:0,(anonymous_9)
FNDA:0,(anonymous_10)
FNDA:0,(anonymous_11)
FNDA:0,createEntityFromSuggestion
DA:1,0
DA:2,0
DA:3,0
DA:4,0
DA:9,0
DA:10,0
DA:12,0
DA:13,0
DA:14,0
DA:17,0
DA:18,0
DA:24,0
DA:25,0
DA:27,0
DA:28,0
DA:35,0
DA:36,0
DA:43,0
DA:44,0
DA:45,0
DA:47,0
DA:51,0
DA:52,0
DA:54,0
DA:55,0
DA:57,0
DA:58,0
DA:64,0
DA:67,0
DA:68,0
DA:69,0
DA:75,0
DA:76,0
DA:82,0
DA:83,0
DA:90,0
DA:97,0
DA:98,0
DA:102,0
DA:107,0
DA:108,0
DA:125,0
DA:127,0
DA:130,0
DA:137,0
DA:156,0
DA:158,0
DA:167,0
DA:173,0
DA:192,0
DA:194,0
DA:204,0
DA:216,0
DA:223,0
DA:224,0
DA:229,0
DA:236,0
DA:240,0
LF:58
LH:0
BRDA:35,0,0,0
BRDA:57,1,0,0
BRDA:68,2,0,0
BRDA:75,3,0,0
BRDA:82,4,0,0
BRDA:111,5,0,0
BRDA:111,5,1,0
BRDA:127,6,0,0
BRDA:127,6,1,0
BRDA:127,6,2,0
BRDA:127,6,3,0
BRDA:127,6,4,0
BRDA:127,6,5,0
BRDA:140,7,0,0
BRDA:140,7,1,0
BRDA:141,8,0,0
BRDA:141,8,1,0
BRDA:142,9,0,0
BRDA:142,9,1,0
BRDA:143,10,0,0
BRDA:143,10,1,0
BRDA:149,11,0,0
BRDA:149,11,1,0
BRDA:151,12,0,0
BRDA:151,12,1,0
BRDA:176,13,0,0
BRDA:176,13,1,0
BRDA:177,14,0,0
BRDA:177,14,1,0
BRDA:177,14,2,0
BRDA:178,15,0,0
BRDA:178,15,1,0
BRDA:179,16,0,0
BRDA:179,16,1,0
BRDA:185,17,0,0
BRDA:185,17,1,0
BRDA:223,18,0,0
BRF:37
BRH:0
end_of_record
TN:
SF:app/api/ai/suggestions/[id]/reject/route.ts
FN:18,(anonymous_7)
FN:18,(anonymous_8)
FN:58,(anonymous_9)
FNF:3
FNH:0
FNDA:0,(anonymous_7)
FNDA:0,(anonymous_8)
FNDA:0,(anonymous_9)
DA:1,0
DA:2,0
DA:3,0
DA:4,0
DA:6,0
DA:7,0
DA:8,0
DA:11,0
DA:12,0
DA:18,0
DA:19,0
DA:21,0
DA:22,0
DA:29,0
DA:30,0
DA:37,0
DA:38,0
DA:39,0
DA:41,0
DA:45,0
DA:46,0
DA:48,0
DA:49,0
DA:51,0
DA:52,0
DA:58,0
DA:61,0
DA:62,0
DA:63,0
DA:69,0
DA:70,0
DA:76,0
DA:77,0
DA:83,0
DA:85,0
DA:90,0
DA:91,0
LF:37
LH:0
BRDA:29,0,0,0
BRDA:51,1,0,0
BRDA:62,2,0,0
BRDA:69,3,0,0
BRDA:76,4,0,0
BRDA:94,5,0,0
BRDA:94,5,1,0
BRF:7
BRH:0
end_of_record
TN:
SF:app/api/ai/suggestions/bulk/route.ts
FN:39,(anonymous_7)
FN:39,(anonymous_8)
FN:57,(anonymous_9)
FN:58,(anonymous_10)
FN:74,(anonymous_11)
FN:91,(anonymous_12)
FN:91,(anonymous_13)
FN:113,(anonymous_14)
FN:114,(anonymous_15)
FN:140,createEntityFromSuggestion
FNF:10
FNH:0
FNDA:0,(anonymous_7)
FNDA:0,(anonymous_8)
FNDA:0,(anonymous_9)
FNDA:0,(anonymous_10)
FNDA:0,(anonymous_11)
FNDA:0,(anonymous_12)
FNDA:0,(anonymous_13)
FNDA:0,(anonymous_14)
FNDA:0,(anonymous_15)
FNDA:0,createEntityFromSuggestion
DA:1,0
DA:2,0
DA:3,0
DA:4,0
DA:10,0
DA:11,0
DA:13,0
DA:14,0
DA:15,0
DA:39,0
DA:40,0
DA:42,0
DA:43,0
DA:44,0
DA:50,0
DA:53,0
DA:57,0
DA:58,0
DA:60,0
DA:61,0
DA:67,0
DA:69,0
DA:71,0
DA:73,0
DA:74,0
DA:75,0
DA:83,0
DA:84,0
DA:85,0
DA:91,0
DA:92,0
DA:96,0
DA:104,0
DA:113,0
DA:114,0
DA:116,0
DA:126,0
DA:127,0
DA:144,0
DA:146,0
DA:149,0
DA:156,0
DA:175,0
DA:177,0
DA:185,0
DA:191,0
DA:210,0
DA:212,0
DA:220,0
DA:227,0
DA:233,0
DA:234,0
DA:239,0
DA:246,0
DA:250,0
LF:55
LH:0
BRDA:43,0,0,0
BRDA:60,1,0,0
BRDA:69,2,0,0
BRDA:69,2,1,0
BRDA:78,3,0,0
BRDA:78,3,1,0
BRDA:99,4,0,0
BRDA:99,4,1,0
BRDA:107,5,0,0
BRDA:107,5,1,0
BRDA:130,6,0,0
BRDA:130,6,1,0
BRDA:146,7,0,0
BRDA:146,7,1,0
BRDA:146,7,2,0
BRDA:146,7,3,0
BRDA:146,7,4,0
BRDA:146,7,5,0
BRDA:159,8,0,0
BRDA:159,8,1,0
BRDA:160,9,0,0
BRDA:160,9,1,0
BRDA:161,10,0,0
BRDA:161,10,1,0
BRDA:162,11,0,0
BRDA:162,11,1,0
BRDA:168,12,0,0
BRDA:168,12,1,0
BRDA:170,13,0,0
BRDA:170,13,1,0
BRDA:194,14,0,0
BRDA:194,14,1,0
BRDA:195,15,0,0
BRDA:195,15,1,0
BRDA:195,15,2,0
BRDA:196,16,0,0
BRDA:196,16,1,0
BRDA:197,17,0,0
BRDA:197,17,1,0
BRDA:203,18,0,0
BRDA:203,18,1,0
BRDA:233,19,0,0
BRF:42
BRH:0
end_of_record
TN:
SF:app/api/ai/tasks/route.ts
FN:13,(anonymous_7)
FN:13,(anonymous_8)
FN:39,(anonymous_9)
FN:39,(anonymous_10)
FN:57,(anonymous_11)
FN:74,(anonymous_12)
FN:129,(anonymous_13)
FN:141,(anonymous_14)
FN:195,(anonymous_15)
FN:195,(anonymous_16)
FNF:10
FNH:0
FNDA:0,(anonymous_7)
FNDA:0,(anonymous_8)
FNDA:0,(anonymous_9)
FNDA:0,(anonymous_10)
FNDA:0,(anonymous_11)
FNDA:0,(anonymous_12)
FNDA:0,(anonymous_13)
FNDA:0,(anonymous_14)
FNDA:0,(anonymous_15)
FNDA:0,(anonymous_16)
DA:1,0
DA:2,0
DA:3,0
DA:4,0
DA:5,0
DA:6,0
DA:8,0
DA:9,0
DA:10,0
DA:13,0
DA:14,0
DA:15,0
DA:16,0
DA:19,0
DA:20,0
DA:22,0
DA:25,0
DA:30,0
DA:31,0
DA:39,0
DA:40,0
DA:42,0
DA:43,0
DA:44,0
DA:50,0
DA:51,0
DA:53,0
DA:56,0
DA:57,0
DA:59,0
DA:60,0
DA:66,0
DA:68,0
DA:71,0
DA:72,0
DA:73,0
DA:74,0
DA:77,0
DA:83,0
DA:84,0
DA:86,0
DA:108,0
DA:111,0
DA:119,0
DA:120,0
DA:129,0
DA:130,0
DA:131,0
DA:140,0
DA:141,0
DA:145,0
DA:156,0
DA:162,0
DA:172,0
DA:180,0
DA:186,0
DA:187,0
DA:195,0
DA:196,0
DA:197,0
DA:198,0
DA:200,0
DA:201,0
DA:207,0
DA:209,0
DA:210,0
DA:216,0
DA:221,0
DA:222,0
LF:69
LH:0
BRDA:19,0,0,0
BRDA:19,0,1,0
BRDA:43,1,0,0
BRDA:59,2,0,0
BRDA:68,3,0,0
BRDA:68,3,1,0
BRDA:68,3,2,0
BRDA:68,3,3,0
BRDA:72,4,0,0
BRDA:72,4,1,0
BRDA:72,5,0,0
BRDA:72,5,1,0
BRDA:72,6,0,0
BRDA:72,6,1,0
BRDA:83,7,0,0
BRDA:83,7,1,0
BRDA:83,8,0,0
BRDA:83,8,1,0
BRDA:83,9,0,0
BRDA:83,9,1,0
BRDA:84,10,0,0
BRDA:84,10,1,0
BRDA:89,11,0,0
BRDA:89,11,1,0
BRDA:89,12,0,0
BRDA:89,12,1,0
BRDA:89,13,0,0
BRDA:89,13,1,0
BRDA:90,14,0,0
BRDA:90,14,1,0
BRDA:90,15,0,0
BRDA:90,15,1,0
BRDA:90,16,0,0
BRDA:90,16,1,0
BRDA:92,17,0,0
BRDA:92,17,1,0
BRDA:92,17,2,0
BRDA:92,17,3,0
BRDA:92,18,0,0
BRDA:92,18,1,0
BRDA:92,19,0,0
BRDA:92,19,1,0
BRDA:92,20,0,0
BRDA:92,20,1,0
BRDA:92,21,0,0
BRDA:92,21,1,0
BRDA:99,22,0,0
BRDA:99,22,1,0
BRDA:99,22,2,0
BRDA:99,23,0,0
BRDA:99,23,1,0
BRDA:99,24,0,0
BRDA:99,24,1,0
BRDA:119,25,0,0
BRDA:119,26,0,0
BRDA:119,26,1,0
BRDA:130,27,0,0
BRDA:200,28,0,0
BRDA:209,29,0,0
BRF:59
BRH:0
end_of_record
TN:
SF:app/api/analytics/route.ts
FN:14,(anonymous_7)
FN:14,(anonymous_8)
FN:69,(anonymous_9)
FN:70,(anonymous_10)
FN:71,(anonymous_11)
FN:74,(anonymous_12)
FN:77,(anonymous_13)
FN:81,(anonymous_14)
FN:84,(anonymous_15)
FN:87,(anonymous_16)
FN:92,(anonymous_17)
FN:95,(anonymous_18)
FN:98,(anonymous_19)
FN:107,(anonymous_20)
FN:110,(anonymous_21)
FN:113,(anonymous_22)
FN:123,(anonymous_23)
FN:126,(anonymous_24)
FN:136,(anonymous_25)
FN:140,(anonymous_26)
FN:143,(anonymous_27)
FN:148,(anonymous_28)
FN:150,(anonymous_29)
FN:152,(anonymous_30)
FN:155,(anonymous_31)
FN:157,(anonymous_32)
FN:171,(anonymous_33)
FN:172,(anonymous_34)
FN:176,(anonymous_35)
FN:181,(anonymous_36)
FN:185,(anonymous_37)
FN:199,(anonymous_38)
FNF:32
FNH:0
FNDA:0,(anonymous_7)
FNDA:0,(anonymous_8)
FNDA:0,(anonymous_9)
FNDA:0,(anonymous_10)
FNDA:0,(anonymous_11)
FNDA:0,(anonymous_12)
FNDA:0,(anonymous_13)
FNDA:0,(anonymous_14)
FNDA:0,(anonymous_15)
FNDA:0,(anonymous_16)
FNDA:0,(anonymous_17)
FNDA:0,(anonymous_18)
FNDA:0,(anonymous_19)
FNDA:0,(anonymous_20)
FNDA:0,(anonymous_21)
FNDA:0,(anonymous_22)
FNDA:0,(anonymous_23)
FNDA:0,(anonymous_24)
FNDA:0,(anonymous_25)
FNDA:0,(anonymous_26)
FNDA:0,(anonymous_27)
FNDA:0,(anonymous_28)
FNDA:0,(anonymous_29)
FNDA:0,(anonymous_30)
FNDA:0,(anonymous_31)
FNDA:0,(anonymous_32)
FNDA:0,(anonymous_33)
FNDA:0,(anonymous_34)
FNDA:0,(anonymous_35)
FNDA:0,(anonymous_36)
FNDA:0,(anonymous_37)
FNDA:0,(anonymous_38)
DA:1,0
DA:2,0
DA:3,0
DA:4,0
DA:5,0
DA:7,0
DA:8,0
DA:14,0
DA:15,0
DA:16,0
DA:17,0
DA:18,0
DA:21,0
DA:22,0
DA:29,0
DA:30,0
DA:31,0
DA:32,0
DA:40,0
DA:43,0
DA:45,0
DA:46,0
DA:48,0
DA:49,0
DA:51,0
DA:52,0
DA:55,0
DA:56,0
DA:60,0
DA:69,0
DA:70,0
DA:71,0
DA:74,0
DA:77,0
DA:80,0
DA:81,0
DA:83,0
DA:84,0
DA:86,0
DA:87,0
DA:91,0
DA:92,0
DA:95,0
DA:96,0
DA:97,0
DA:98,0
DA:100,0
DA:107,0
DA:108,0
DA:109,0
DA:110,0
DA:112,0
DA:113,0
DA:115,0
DA:123,0
DA:124,0
DA:125,0
DA:126,0
DA:128,0
DA:135,0
DA:136,0
DA:137,0
DA:139,0
DA:140,0
DA:141,0
DA:143,0
DA:144,0
DA:145,0
DA:148,0
DA:149,0
DA:151,0
DA:152,0
DA:154,0
DA:155,0
DA:157,0
DA:159,0
DA:161,0
DA:171,0
DA:172,0
DA:176,0
DA:177,0
DA:178,0
DA:180,0
DA:181,0
DA:184,0
DA:185,0
DA:188,0
DA:189,0
DA:192,0
DA:193,0
DA:194,0
DA:196,0
DA:199,0
DA:205,0
DA:242,0
DA:243,0
LF:96
LH:0
BRDA:18,0,0,0
BRDA:18,0,1,0
BRDA:21,1,0,0
BRDA:29,2,0,0
BRDA:31,3,0,0
BRDA:43,4,0,0
BRDA:43,4,1,0
BRDA:43,4,2,0
BRDA:43,4,3,0
BRDA:43,4,4,0
BRDA:77,5,0,0
BRDA:77,5,1,0
BRDA:98,6,0,0
BRDA:98,6,1,0
BRDA:98,7,0,0
BRDA:98,7,1,0
BRDA:110,8,0,0
BRDA:110,8,1,0
BRDA:110,9,0,0
BRDA:110,9,1,0
BRDA:137,10,0,0
BRDA:137,10,1,0
BRDA:141,11,0,0
BRDA:141,11,1,0
BRDA:145,12,0,0
BRDA:145,12,1,0
BRDA:152,13,0,0
BRDA:152,13,1,0
BRDA:155,14,0,0
BRDA:155,14,1,0
BRDA:181,15,0,0
BRDA:181,15,1,0
BRDA:181,16,0,0
BRDA:181,16,1,0
BRDA:188,17,0,0
BRF:35
BRH:0
end_of_record
TN:
SF:app/api/asana/me/connect/route.ts
FN:24,(anonymous_7)
FN:24,(anonymous_8)
FN:67,(anonymous_9)
FN:67,(anonymous_10)
FN:167,(anonymous_11)
FN:167,(anonymous_12)
FNF:6
FNH:6
FNDA:4,(anonymous_7)
FNDA:4,(anonymous_8)
FNDA:4,(anonymous_9)
FNDA:4,(anonymous_10)
FNDA:2,(anonymous_11)
FNDA:2,(anonymous_12)
DA:1,1
DA:2,1
DA:3,1
DA:5,1
DA:7,1
DA:8,1
DA:9,1
DA:10,1
DA:11,1
DA:13,1
DA:24,4
DA:25,4
DA:26,4
DA:28,4
DA:31,4
DA:37,4
DA:38,4
DA:40,4
DA:55,0
DA:56,0
DA:67,4
DA:68,4
DA:69,4
DA:72,4
DA:78,4
DA:79,0
DA:85,4
DA:86,4
DA:89,4
DA:90,4
DA:91,3
DA:97,3
DA:98,3
DA:99,3
DA:100,3
DA:101,0
DA:107,4
DA:110,0
DA:111,0
DA:139,0
DA:155,4
DA:156,4
DA:167,2
DA:168,2
DA:169,2
DA:170,2
DA:173,2
DA:174,1
DA:181,1
DA:182,1
DA:183,0
DA:190,1
DA:195,1
DA:200,0
DA:201,0
LF:55
LH:45
BRDA:49,0,0,4
BRDA:49,0,1,3
BRDA:49,1,0,3
BRDA:49,1,1,1
BRDA:49,2,0,4
BRDA:49,2,1,4
BRDA:50,3,0,4
BRDA:50,3,1,3
BRDA:50,4,0,3
BRDA:50,4,1,1
BRDA:50,5,0,4
BRDA:50,5,1,4
BRDA:50,6,0,3
BRDA:50,6,1,1
BRDA:50,7,0,4
BRDA:50,7,1,4
BRDA:51,8,0,4
BRDA:51,8,1,3
BRDA:51,9,0,3
BRDA:51,9,1,1
BRDA:51,10,0,4
BRDA:51,10,1,4
BRDA:78,11,0,0
BRDA:90,12,0,3
BRDA:97,13,0,3
BRDA:100,14,0,0
BRDA:128,15,0,0
BRDA:128,15,1,0
BRDA:135,16,0,0
BRDA:135,16,1,0
BRDA:150,17,0,0
BRDA:150,17,1,0
BRDA:173,18,0,1
BRDA:182,19,0,0
BRF:34
BRH:25
end_of_record
TN:
SF:app/api/asana/me/sync/route.ts
FN:39,(anonymous_7)
FN:39,(anonymous_8)
FN:52,(anonymous_9)
FN:179,processAsanaTasks
FN:211,(anonymous_12)
FN:304,(anonymous_13)
FN:305,(anonymous_14)
FN:325,(anonymous_15)
FN:325,(anonymous_16)
FNF:9
FNH:0
FNDA:0,(anonymous_7)
FNDA:0,(anonymous_8)
FNDA:0,(anonymous_9)
FNDA:0,processAsanaTasks
FNDA:0,(anonymous_12)
FNDA:0,(anonymous_13)
FNDA:0,(anonymous_14)
FNDA:0,(anonymous_15)
FNDA:0,(anonymous_16)
DA:1,0
DA:2,0
DA:3,0
DA:4,0
DA:6,0
DA:7,0
DA:8,0
DA:10,0
DA:39,0
DA:40,0
DA:42,0
DA:43,0
DA:45,0
DA:46,0
DA:47,0
DA:50,0
DA:51,0
DA:52,0
DA:55,0
DA:57,0
DA:58,0
DA:59,0
DA:64,0
DA:65,0
DA:71,0
DA:72,0
DA:74,0
DA:75,0
DA:77,0
DA:79,0
DA:83,0
DA:84,0
DA:85,0
DA:91,0
DA:92,0
DA:100,0
DA:101,0
DA:102,0
DA:104,0
DA:105,0
DA:107,0
DA:109,0
DA:110,0
DA:114,0
DA:115,0
DA:116,0
DA:120,0
DA:121,0
DA:125,0
DA:126,0
DA:127,0
DA:130,0
DA:131,0
DA:132,0
DA:134,0
DA:138,0
DA:139,0
DA:143,0
DA:144,0
DA:145,0
DA:149,0
DA:151,0
DA:153,0
DA:157,0
DA:158,0
DA:164,0
DA:165,0
DA:168,0
DA:171,0
DA:172,0
DA:187,0
DA:195,0
DA:196,0
DA:197,0
DA:200,0
DA:208,0
DA:211,0
DA:215,0
DA:216,0
DA:217,0
DA:219,0
DA:223,0
DA:224,0
DA:226,0
DA:227,0
DA:233,0
DA:234,0
DA:235,0
DA:237,0
DA:239,0
DA:241,0
DA:242,0
DA:246,0
DA:253,0
DA:254,0
DA:257,0
DA:260,0
DA:261,0
DA:262,0
DA:266,0
DA:288,0
DA:291,0
DA:292,0
DA:297,0
DA:304,0
DA:305,0
DA:307,0
DA:308,0
DA:309,0
DA:310,0
DA:312,0
DA:325,0
DA:326,0
DA:327,0
DA:333,0
DA:336,0
DA:344,0
DA:355,0
DA:356,0
LF:119
LH:0
BRDA:43,0,0,0
BRDA:43,0,1,0
BRDA:43,1,0,0
BRDA:43,1,1,0
BRDA:43,2,0,0
BRDA:43,2,1,0
BRDA:43,3,0,0
BRDA:43,3,1,0
BRDA:50,4,0,0
BRDA:50,5,0,0
BRDA:50,5,1,0
BRDA:50,6,0,0
BRDA:50,6,1,0
BRDA:50,7,0,0
BRDA:50,7,1,0
BRDA:50,8,0,0
BRDA:50,8,1,0
BRDA:50,9,0,0
BRDA:50,9,1,0
BRDA:50,10,0,0
BRDA:50,10,1,0
BRDA:50,11,0,0
BRDA:50,11,1,0
BRDA:52,12,0,0
BRDA:52,12,1,0
BRDA:52,13,0,0
BRDA:52,13,1,0
BRDA:52,14,0,0
BRDA:52,14,1,0
BRDA:52,15,0,0
BRDA:52,15,1,0
BRDA:52,16,0,0
BRDA:52,16,1,0
BRDA:55,17,0,0
BRDA:57,18,0,0
BRDA:57,18,1,0
BRDA:64,19,0,0
BRDA:72,20,0,0
BRDA:72,21,0,0
BRDA:72,21,1,0
BRDA:72,22,0,0
BRDA:72,22,1,0
BRDA:77,23,0,0
BRDA:83,24,0,0
BRDA:91,25,0,0
BRDA:91,26,0,0
BRDA:91,26,1,0
BRDA:107,27,0,0
BRDA:107,27,1,0
BRDA:114,28,0,0
BRDA:116,29,0,0
BRDA:116,29,1,0
BRDA:125,30,0,0
BRDA:127,31,0,0
BRDA:127,31,1,0
BRDA:143,32,0,0
BRDA:145,33,0,0
BRDA:145,33,1,0
BRDA:149,34,0,0
BRDA:157,35,0,0
BRDA:165,36,0,0
BRDA:165,36,1,0
BRDA:216,37,0,0
BRDA:216,38,0,0
BRDA:216,38,1,0
BRDA:237,39,0,0
BRDA:237,39,1,0
BRDA:239,40,0,0
BRDA:239,40,1,0
BRDA:241,41,0,0
BRDA:242,42,0,0
BRDA:242,42,1,0
BRDA:243,43,0,0
BRDA:243,43,1,0
BRDA:253,44,0,0
BRDA:261,45,0,0
BRDA:261,45,1,0
BRDA:262,46,0,0
BRDA:262,46,1,0
BRDA:263,47,0,0
BRDA:263,47,1,0
BRDA:274,48,0,0
BRDA:274,48,1,0
BRDA:279,49,0,0
BRDA:279,49,1,0
BRDA:308,50,0,0
BRDA:309,51,0,0
BRDA:310,52,0,0
BRDA:315,53,0,0
BRDA:315,53,1,0
BRDA:350,54,0,0
BRDA:350,54,1,0
BRDA:350,55,0,0
BRDA:350,55,1,0
BRDA:350,56,0,0
BRDA:350,56,1,0
BRDA:350,57,0,0
BRDA:350,57,1,0
BRDA:350,58,0,0
BRDA:350,58,1,0
BRDA:351,59,0,0
BRDA:351,59,1,0
BRDA:351,60,0,0
BRDA:351,60,1,0
BRDA:351,61,0,0
BRDA:351,61,1,0
BRF:106
BRH:0
end_of_record
TN:
SF:app/api/asana/oauth/callback/route.ts
FN:16,GET
FN:103,(anonymous_10)
FN:150,generateOAuthState
FNF:3
FNH:0
FNDA:0,GET
FNDA:0,(anonymous_10)
FNDA:0,generateOAuthState
DA:1,0
DA:3,0
DA:4,0
DA:5,0
DA:6,0
DA:16,0
DA:17,0
DA:18,0
DA:19,0
DA:20,0
DA:21,0
DA:22,0
DA:25,0
DA:26,0
DA:27,0
DA:33,0
DA:34,0
DA:40,0
DA:41,0
DA:42,0
DA:50,0
DA:51,0
DA:53,0
DA:54,0
DA:60,0
DA:61,0
DA:62,0
DA:63,0
DA:69,0
DA:70,0
DA:71,0
DA:77,0
DA:78,0
DA:79,0
DA:81,0
DA:82,0
DA:83,0
DA:88,0
DA:102,0
DA:103,0
DA:104,0
DA:105,0
DA:110,0
DA:119,0
DA:122,0
DA:123,0
DA:124,0
DA:126,0
DA:135,0
DA:139,0
DA:140,0
DA:150,0
DA:151,0
DA:157,0
LF:54
LH:0
BRDA:25,0,0,0
BRDA:28,1,0,0
BRDA:28,1,1,0
BRDA:33,2,0,0
BRDA:40,3,0,0
BRDA:61,4,0,0
BRDA:61,5,0,0
BRDA:61,5,1,0
BRDA:69,6,0,0
BRDA:69,7,0,0
BRDA:69,7,1,0
BRDA:81,8,0,0
BRDA:81,9,0,0
BRDA:81,9,1,0
BRDA:102,10,0,0
BRDA:106,11,0,0
BRDA:106,11,1,0
BRDA:119,12,0,0
BRDA:119,12,1,0
BRDA:119,13,0,0
BRDA:119,13,1,0
BRDA:123,14,0,0
BRDA:123,14,1,0
BRDA:124,15,0,0
BRDA:124,15,1,0
BRDA:136,16,0,0
BRDA:136,16,1,0
BRDA:136,17,0,0
BRDA:136,17,1,0
BRDA:136,18,0,0
BRDA:136,18,1,0
BRF:31
BRH:0
end_of_record
TN:
SF:app/api/asana/projects/route.ts
FN:11,(anonymous_7)
FN:11,(anonymous_8)
FN:35,(anonymous_9)
FNF:3
FNH:0
FNDA:0,(anonymous_7)
FNDA:0,(anonymous_8)
FNDA:0,(anonymous_9)
DA:1,0
DA:2,0
DA:3,0
DA:4,0
DA:11,0
DA:12,0
DA:13,0
DA:14,0
DA:16,0
DA:17,0
DA:23,0
DA:24,0
DA:30,0
DA:32,0
DA:35,0
DA:42,0
DA:43,0
LF:17
LH:0
BRDA:16,0,0,0
BRDA:23,1,0,0
BRF:2
BRH:0
end_of_record
TN:
SF:app/api/asana/status/route.ts
FN:27,(anonymous_7)
FN:27,(anonymous_8)
FN:56,(anonymous_9)
FNF:3
FNH:0
FNDA:0,(anonymous_7)
FNDA:0,(anonymous_8)
FNDA:0,(anonymous_9)
DA:1,0
DA:2,0
DA:3,0
DA:4,0
DA:27,0
DA:28,0
DA:30,0
DA:31,0
DA:42,0
DA:43,0
DA:44,0
DA:46,0
DA:56,0
DA:63,0
DA:74,0
DA:75,0
LF:16
LH:0
BRDA:30,0,0,0
BRDA:69,1,0,0
BRDA:69,1,1,0
BRF:3
BRH:0
end_of_record
TN:
SF:app/api/asana/sync/route.ts
FN:30,(anonymous_7)
FN:30,(anonymous_8)
FN:92,(anonymous_9)
FN:107,(anonymous_10)
FN:153,(anonymous_11)
FN:160,(anonymous_12)
FN:163,(anonymous_13)
FN:253,(anonymous_14)
FN:253,(anonymous_15)
FNF:9
FNH:0
FNDA:0,(anonymous_7)
FNDA:0,(anonymous_8)
FNDA:0,(anonymous_9)
FNDA:0,(anonymous_10)
FNDA:0,(anonymous_11)
FNDA:0,(anonymous_12)
FNDA:0,(anonymous_13)
FNDA:0,(anonymous_14)
FNDA:0,(anonymous_15)
DA:1,0
DA:2,0
DA:3,0
DA:4,0
DA:6,0
DA:7,0
DA:8,0
DA:9,0
DA:30,0
DA:31,0
DA:32,0
DA:34,0
DA:35,0
DA:36,0
DA:42,0
DA:43,0
DA:44,0
DA:50,0
DA:59,0
DA:62,0
DA:63,0
DA:64,0
DA:69,0
DA:73,0
DA:74,0
DA:75,0
DA:76,0
DA:77,0
DA:81,0
DA:82,0
DA:83,0
DA:84,0
DA:87,0
DA:89,0
DA:91,0
DA:92,0
DA:93,0
DA:95,0
DA:96,0
DA:99,0
DA:101,0
DA:106,0
DA:107,0
DA:110,0
DA:112,0
DA:113,0
DA:116,0
DA:119,0
DA:120,0
DA:124,0
DA:133,0
DA:134,0
DA:137,0
DA:143,0
DA:144,0
DA:145,0
DA:147,0
DA:148,0
DA:150,0
DA:152,0
DA:153,0
DA:157,0
DA:158,0
DA:159,0
DA:160,0
DA:162,0
DA:163,0
DA:168,0
DA:170,0
DA:171,0
DA:173,0
DA:174,0
DA:175,0
DA:179,0
DA:180,0
DA:183,0
DA:184,0
DA:185,0
DA:189,0
DA:190,0
DA:191,0
DA:214,0
DA:217,0
DA:223,0
DA:233,0
DA:241,0
DA:242,0
DA:253,0
DA:254,0
DA:255,0
DA:256,0
DA:258,0
DA:268,0
DA:269,0
LF:94
LH:0
BRDA:35,0,0,0
BRDA:35,1,0,0
BRDA:35,1,1,0
BRDA:35,2,0,0
BRDA:35,2,1,0
BRDA:35,3,0,0
BRDA:35,3,1,0
BRDA:35,4,0,0
BRDA:35,4,1,0
BRDA:35,5,0,0
BRDA:35,5,1,0
BRDA:35,6,0,0
BRDA:35,6,1,0
BRDA:43,7,0,0
BRDA:43,8,0,0
BRDA:43,8,1,0
BRDA:81,9,0,0
BRDA:81,10,0,0
BRDA:81,10,1,0
BRDA:84,11,0,0
BRDA:87,12,0,0
BRDA:91,13,0,0
BRDA:93,14,0,0
BRDA:95,15,0,0
BRDA:107,16,0,0
BRDA:107,16,1,0
BRDA:107,17,0,0
BRDA:107,17,1,0
BRDA:107,18,0,0
BRDA:107,18,1,0
BRDA:110,19,0,0
BRDA:110,19,1,0
BRDA:112,20,0,0
BRDA:119,21,0,0
BRDA:126,22,0,0
BRDA:126,22,1,0
BRDA:129,23,0,0
BRDA:129,23,1,0
BRDA:143,24,0,0
BRDA:143,25,0,0
BRDA:143,25,1,0
BRDA:145,26,0,0
BRDA:148,27,0,0
BRDA:157,28,0,0
BRDA:158,29,0,0
BRDA:158,29,1,0
BRDA:158,30,0,0
BRDA:158,30,1,0
BRDA:159,31,0,0
BRDA:159,31,1,0
BRDA:163,32,0,0
BRDA:163,32,1,0
BRDA:168,33,0,0
BRDA:168,33,1,0
BRDA:170,34,0,0
BRDA:170,34,1,0
BRDA:173,35,0,0
BRDA:175,36,0,0
BRDA:175,36,1,0
BRDA:179,37,0,0
BRDA:183,38,0,0
BRDA:185,39,0,0
BRDA:195,40,0,0
BRDA:195,40,1,0
BRDA:195,41,0,0
BRDA:195,41,1,0
BRDA:195,42,0,0
BRDA:195,42,1,0
BRDA:204,43,0,0
BRDA:204,43,1,0
BRDA:205,44,0,0
BRDA:205,44,1,0
BRDA:206,45,0,0
BRDA:206,45,1,0
BRDA:256,46,0,0
BRDA:256,46,1,0
BRDA:256,47,0,0
BRDA:256,47,1,0
BRDA:256,48,0,0
BRDA:256,48,1,0
BRDA:256,49,0,0
BRDA:256,49,1,0
BRDA:261,50,0,0
BRDA:261,50,1,0
BRDA:261,51,0,0
BRDA:261,51,1,0
BRDA:261,52,0,0
BRDA:261,52,1,0
BRDA:262,53,0,0
BRDA:262,53,1,0
BRDA:262,54,0,0
BRDA:262,54,1,0
BRDA:262,55,0,0
BRDA:262,55,1,0
BRDA:263,56,0,0
BRDA:263,56,1,0
BRDA:263,57,0,0
BRDA:263,57,1,0
BRDA:263,58,0,0
BRDA:263,58,1,0
BRDA:264,59,0,0
BRDA:264,59,1,0
BRDA:264,60,0,0
BRDA:264,60,1,0
BRDA:264,61,0,0
BRDA:264,61,1,0
BRDA:264,62,0,0
BRDA:264,62,1,0
BRDA:264,63,0,0
BRDA:264,63,1,0
BRF:110
BRH:0
end_of_record
TN:
SF:app/api/asana/users/route.ts
FN:11,(anonymous_7)
FN:11,(anonymous_8)
FN:35,(anonymous_9)
FNF:3
FNH:0
FNDA:0,(anonymous_7)
FNDA:0,(anonymous_8)
FNDA:0,(anonymous_9)
DA:1,0
DA:2,0
DA:3,0
DA:4,0
DA:11,0
DA:12,0
DA:13,0
DA:14,0
DA:16,0
DA:17,0
DA:23,0
DA:24,0
DA:30,0
DA:32,0
DA:35,0
DA:43,0
DA:44,0
LF:17
LH:0
BRDA:16,0,0,0
BRDA:23,1,0,0
BRF:2
BRH:0
end_of_record
TN:
SF:app/api/audit/route.ts
FN:40,(anonymous_7)
FN:40,(anonymous_8)
FN:112,(anonymous_9)
FN:137,(anonymous_10)
FN:137,(anonymous_11)
FNF:5
FNH:0
FNDA:0,(anonymous_7)
FNDA:0,(anonymous_8)
FNDA:0,(anonymous_9)
FNDA:0,(anonymous_10)
FNDA:0,(anonymous_11)
DA:11,0
DA:12,0
DA:13,0
DA:14,0
DA:15,0
DA:16,0
DA:17,0
DA:23,0
DA:40,0
DA:41,0
DA:43,0
DA:44,0
DA:45,0
DA:46,0
DA:47,0
DA:48,0
DA:49,0
DA:50,0
DA:51,0
DA:52,0
DA:53,0
DA:55,0
DA:59,0
DA:92,0
DA:109,0
DA:112,0
DA:126,0
DA:128,0
DA:129,0
DA:137,0
DA:138,0
DA:139,0
DA:142,0
DA:157,0
DA:169,0
DA:183,0
DA:198,0
DA:212,0
DA:226,0
DA:227,0
LF:40
LH:0
BRDA:46,0,0,0
BRDA:46,0,1,0
BRDA:47,1,0,0
BRDA:47,1,1,0
BRDA:48,2,0,0
BRDA:48,2,1,0
BRDA:49,3,0,0
BRDA:49,3,1,0
BRDA:50,4,0,0
BRDA:50,4,1,0
BRDA:51,5,0,0
BRDA:51,5,1,0
BRDA:52,6,0,0
BRDA:52,6,1,0
BRDA:53,7,0,0
BRDA:53,7,1,0
BRDA:109,8,0,0
BRDA:109,8,1,0
BRDA:109,9,0,0
BRDA:109,9,1,0
BRDA:109,10,0,0
BRDA:109,10,1,0
BRDA:221,11,0,0
BRDA:221,11,1,0
BRDA:222,12,0,0
BRDA:222,12,1,0
BRF:26
BRH:0
end_of_record
TN:
SF:app/api/auth/api-key/route.ts
FN:11,(anonymous_7)
FN:11,(anonymous_8)
FN:16,(anonymous_9)
FN:35,(anonymous_10)
FN:35,(anonymous_11)
FN:81,(anonymous_12)
FN:81,(anonymous_13)
FNF:7
FNH:0
FNDA:0,(anonymous_7)
FNDA:0,(anonymous_8)
FNDA:0,(anonymous_9)
FNDA:0,(anonymous_10)
FNDA:0,(anonymous_11)
FNDA:0,(anonymous_12)
FNDA:0,(anonymous_13)
DA:1,0
DA:2,0
DA:3,0
DA:4,0
DA:5,0
DA:6,0
DA:8,0
DA:11,0
DA:12,0
DA:13,0
DA:16,0
DA:21,0
DA:26,0
DA:27,0
DA:35,0
DA:36,0
DA:38,0
DA:41,0
DA:43,0
DA:44,0
DA:55,0
DA:58,0
DA:65,0
DA:66,0
DA:72,0
DA:73,0
DA:81,0
DA:82,0
DA:83,0
DA:84,0
DA:86,0
DA:87,0
DA:94,0
DA:95,0
DA:96,0
DA:102,0
DA:104,0
DA:110,0
DA:111,0
LF:39
LH:0
BRDA:50,0,0,0
BRDA:50,0,1,0
BRDA:65,1,0,0
BRDA:86,2,0,0
BRDA:95,3,0,0
BRDA:95,4,0,0
BRDA:95,4,1,0
BRF:7
BRH:0
end_of_record
TN:
SF:app/api/auth/delete-account/route.ts
FN:14,(anonymous_7)
FN:19,(anonymous_8)
FN:19,(anonymous_9)
FN:46,(anonymous_10)
FNF:4
FNH:0
FNDA:0,(anonymous_7)
FNDA:0,(anonymous_8)
FNDA:0,(anonymous_9)
FNDA:0,(anonymous_10)
DA:1,0
DA:2,0
DA:3,0
DA:4,0
DA:5,0
DA:6,0
DA:8,0
DA:11,0
DA:14,0
DA:19,0
DA:20,0
DA:22,0
DA:26,0
DA:27,0
DA:28,0
DA:35,0
DA:36,0
DA:37,0
DA:44,0
DA:45,0
DA:46,0
DA:47,0
DA:48,0
DA:59,0
DA:66,0
DA:69,0
DA:72,0
DA:78,0
DA:86,0
DA:89,0
DA:90,0
DA:96,0
DA:97,0
LF:33
LH:0
BRDA:27,0,0,0
BRDA:36,1,0,0
BRDA:44,2,0,0
BRDA:47,3,0,0
BRDA:89,4,0,0
BRF:5
BRH:0
end_of_record
TN:
SF:app/api/auth/forgot-password/route.ts
FN:19,POST
FN:73,(anonymous_9)
FN:78,(anonymous_10)
FNF:3
FNH:0
FNDA:0,POST
FNDA:0,(anonymous_9)
FNDA:0,(anonymous_10)
DA:1,0
DA:2,0
DA:3,0
DA:8,0
DA:13,0
DA:14,0
DA:15,0
DA:17,0
DA:19,0
DA:20,0
DA:22,0
DA:23,0
DA:24,0
DA:31,0
DA:32,0
DA:33,0
DA:35,0
DA:39,0
DA:42,0
DA:43,0
DA:45,0
DA:52,0
DA:54,0
DA:56,0
DA:59,0
DA:60,0
DA:69,0
DA:72,0
DA:74,0
DA:75,0
DA:78,0
DA:82,0
DA:88,0
DA:89,0
DA:95,0
DA:96,0
LF:36
LH:0
BRDA:23,0,0,0
BRDA:43,1,0,0
BRDA:54,2,0,0
BRDA:74,3,0,0
BRDA:88,4,0,0
BRF:5
BRH:0
end_of_record
TN:
SF:app/api/auth/login/route.ts
FN:19,POST
FN:118,(anonymous_10)
FN:127,(anonymous_11)
FNF:3
FNH:0
FNDA:0,POST
FNDA:0,(anonymous_10)
FNDA:0,(anonymous_11)
DA:1,0
DA:2,0
DA:3,0
DA:9,0
DA:14,0
DA:15,0
DA:16,0
DA:19,0
DA:20,0
DA:22,0
DA:23,0
DA:24,0
DA:32,0
DA:33,0
DA:34,0
DA:36,0
DA:40,0
DA:43,0
DA:44,0
DA:45,0
DA:52,0
DA:53,0
DA:54,0
DA:61,0
DA:63,0
DA:65,0
DA:68,0
DA:69,0
DA:70,0
DA:73,0
DA:74,0
DA:76,0
DA:77,0
DA:86,0
DA:88,0
DA:89,0
DA:91,0
DA:93,0
DA:103,0
DA:111,0
DA:115,0
DA:116,0
DA:118,0
DA:119,0
DA:120,0
DA:122,0
DA:127,0
DA:128,0
DA:129,0
DA:136,0
DA:137,0
DA:138,0
DA:144,0
DA:147,0
DA:148,0
DA:149,0
DA:153,0
DA:156,0
DA:159,0
DA:160,0
DA:170,0
DA:173,0
DA:176,0
DA:179,0
DA:181,0
DA:194,0
DA:202,0
DA:205,0
DA:206,0
DA:212,0
DA:213,0
DA:216,0
LF:72
LH:0
BRDA:23,0,0,0
BRDA:44,1,0,0
BRDA:53,2,0,0
BRDA:63,3,0,0
BRDA:68,4,0,0
BRDA:68,4,1,0
BRDA:68,5,0,0
BRDA:68,5,1,0
BRDA:69,6,0,0
BRDA:116,7,0,0
BRDA:119,8,0,0
BRDA:119,8,1,0
BRDA:128,9,0,0
BRDA:137,10,0,0
BRDA:147,11,0,0
BRDA:147,11,1,0
BRDA:147,12,0,0
BRDA:147,12,1,0
BRDA:148,13,0,0
BRDA:205,14,0,0
BRF:20
BRH:0
end_of_record
TN:
SF:app/api/auth/logout/route.ts
FN:7,(anonymous_7)
FN:7,(anonymous_8)
FNF:2
FNH:0
FNDA:0,(anonymous_7)
FNDA:0,(anonymous_8)
DA:1,0
DA:2,0
DA:3,0
DA:5,0
DA:7,0
DA:8,0
DA:9,0
DA:11,0
DA:12,0
DA:15,0
DA:21,0
DA:29,0
DA:31,0
DA:32,0
LF:14
LH:0
BRDA:9,0,0,0
BRDA:9,0,1,0
BRDA:9,1,0,0
BRDA:9,1,1,0
BRDA:11,2,0,0
BRF:5
BRH:0
end_of_record
TN:
SF:app/api/auth/register/route.ts
FN:20,POST
FNF:1
FNH:0
FNDA:0,POST
DA:1,0
DA:2,0
DA:3,0
DA:10,0
DA:14,0
DA:15,0
DA:16,0
DA:17,0
DA:20,0
DA:21,0
DA:23,0
DA:24,0
DA:25,0
DA:32,0
DA:33,0
DA:34,0
DA:36,0
DA:40,0
DA:43,0
DA:44,0
DA:45,0
DA:51,0
DA:52,0
DA:55,0
DA:66,0
DA:72,0
DA:73,0
DA:74,0
DA:77,0
DA:78,0
DA:79,0
DA:80,0
DA:81,0
DA:82,0
DA:85,0
DA:108,0
DA:111,0
DA:123,0
DA:127,0
DA:128,0
DA:129,0
DA:143,0
DA:146,0
DA:154,0
DA:157,0
DA:166,0
DA:167,0
DA:175,0
DA:176,0
DA:177,0
DA:180,0
DA:184,0
DA:187,0
DA:188,0
DA:198,0
DA:201,0
DA:207,0
DA:209,0
DA:224,0
DA:232,0
DA:235,0
DA:236,0
DA:242,0
DA:243,0
DA:246,0
DA:247,0
DA:254,0
LF:67
LH:0
BRDA:24,0,0,0
BRDA:44,1,0,0
BRDA:72,2,0,0
BRDA:191,3,0,0
BRDA:191,3,1,0
BRDA:191,4,0,0
BRDA:191,4,1,0
BRDA:191,5,0,0
BRDA:191,5,1,0
BRDA:202,6,0,0
BRDA:202,6,1,0
BRDA:202,7,0,0
BRDA:202,7,1,0
BRDA:203,8,0,0
BRDA:203,8,1,0
BRDA:203,9,0,0
BRDA:203,9,1,0
BRDA:218,10,0,0
BRDA:218,10,1,0
BRDA:235,11,0,0
BRDA:246,12,0,0
BRDA:246,13,0,0
BRDA:246,13,1,0
BRF:23
BRH:0
end_of_record
TN:
SF:app/api/auth/resend-verification/route.ts
FN:15,(anonymous_7)
FN:15,(anonymous_8)
FNF:2
FNH:0
FNDA:0,(anonymous_7)
FNDA:0,(anonymous_8)
DA:1,0
DA:2,0
DA:3,0
DA:4,0
DA:5,0
DA:6,0
DA:15,0
DA:16,0
DA:17,0
DA:20,0
DA:21,0
DA:27,0
DA:28,0
DA:29,0
DA:30,0
DA:31,0
DA:32,0
DA:40,0
DA:43,0
DA:44,0
DA:53,0
DA:56,0
DA:58,0
DA:59,0
DA:60,0
DA:66,0
DA:68,0
DA:74,0
DA:75,0
LF:29
LH:0
BRDA:20,0,0,0
BRDA:28,1,0,0
BRDA:31,2,0,0
BRDA:58,3,0,0
BRDA:74,4,0,0
BRDA:74,4,1,0
BRF:6
BRH:0
end_of_record
TN:
SF:app/api/auth/reset-password/route.ts
FN:16,POST
FN:109,GET
FNF:2
FNH:0
FNDA:0,POST
FNDA:0,GET
DA:1,0
DA:2,0
DA:3,0
DA:7,0
DA:11,0
DA:12,0
DA:14,0
DA:16,0
DA:17,0
DA:19,0
DA:20,0
DA:21,0
DA:28,0
DA:29,0
DA:30,0
DA:32,0
DA:36,0
DA:39,0
DA:40,0
DA:41,0
DA:48,0
DA:49,0
DA:56,0
DA:57,0
DA:64,0
DA:65,0
DA:66,0
DA:73,0
DA:74,0
DA:80,0
DA:85,0
DA:87,0
DA:93,0
DA:94,0
DA:100,0
DA:101,0
DA:109,0
DA:110,0
DA:111,0
DA:112,0
DA:114,0
DA:115,0
DA:122,0
DA:123,0
DA:124,0
DA:130,0
DA:131,0
DA:137,0
DA:138,0
DA:143,0
DA:148,0
DA:149,0
LF:52
LH:0
BRDA:20,0,0,0
BRDA:40,1,0,0
BRDA:48,2,0,0
BRDA:56,3,0,0
BRDA:65,4,0,0
BRDA:93,5,0,0
BRDA:114,6,0,0
BRDA:123,7,0,0
BRDA:130,8,0,0
BRDA:137,9,0,0
BRF:10
BRH:0
end_of_record
TN:
SF:app/api/auth/session/route.ts
FN:7,(anonymous_8)
FN:7,(anonymous_9)
FNF:2
FNH:0
FNDA:0,(anonymous_8)
FNDA:0,(anonymous_9)
DA:1,0
DA:2,0
DA:3,0
DA:5,0
DA:7,0
DA:8,0
DA:9,0
DA:12,0
DA:14,0
DA:16,0
DA:28,0
DA:30,0
DA:49,0
DA:51,0
DA:64,0
DA:65,0
LF:16
LH:0
BRDA:9,0,0,0
BRDA:9,0,1,0
BRDA:9,1,0,0
BRDA:9,1,1,0
BRDA:9,2,0,0
BRDA:9,2,1,0
BRDA:14,3,0,0
BRF:7
BRH:0
end_of_record
TN:
SF:app/api/auth/sessions/route.ts
FN:12,(anonymous_7)
FN:12,(anonymous_8)
FNF:2
FNH:0
FNDA:0,(anonymous_7)
FNDA:0,(anonymous_8)
DA:1,0
DA:2,0
DA:3,0
DA:5,0
DA:12,0
DA:13,0
DA:14,0
DA:16,0
DA:17,0
DA:23,0
DA:25,0
DA:27,0
DA:33,0
DA:34,0
LF:14
LH:0
BRDA:14,0,0,0
BRDA:14,0,1,0
BRDA:14,1,0,0
BRDA:14,1,1,0
BRDA:16,2,0,0
BRDA:30,3,0,0
BRDA:30,3,1,0
BRF:7
BRH:0
end_of_record
TN:
SF:app/api/auth/verify-email/route.ts
FN:12,GET
FNF:1
FNH:0
FNDA:0,GET
DA:1,0
DA:2,0
DA:3,0
DA:12,0
DA:13,0
DA:14,0
DA:16,0
DA:17,0
DA:24,0
DA:26,0
DA:27,0
DA:34,0
DA:35,0
DA:41,0
DA:42,0
DA:49,0
DA:52,0
DA:54,0
DA:56,0
DA:62,0
DA:63,0
LF:21
LH:0
BRDA:16,0,0,0
BRDA:16,1,0,0
BRDA:16,1,1,0
BRDA:26,2,0,0
BRDA:34,3,0,0
BRDA:41,4,0,0
BRDA:62,5,0,0
BRDA:62,5,1,0
BRF:8
BRH:0
end_of_record
TN:
SF:app/api/billing/ai-usage/route.ts
FN:18,(anonymous_7)
FN:18,(anonymous_8)
FNF:2
FNH:0
FNDA:0,(anonymous_7)
FNDA:0,(anonymous_8)
DA:1,0
DA:2,0
DA:4,0
DA:5,0
DA:18,0
DA:19,0
DA:21,0
DA:24,0
DA:25,0
DA:27,0
DA:34,0
DA:39,0
DA:40,0
LF:13
LH:0
BRF:0
BRH:0
end_of_record
TN:
SF:app/api/billing/checkout/route.ts
FN:15,(anonymous_7)
FN:15,(anonymous_8)
FNF:2
FNH:0
FNDA:0,(anonymous_7)
FNDA:0,(anonymous_8)
DA:1,0
DA:2,0
DA:3,0
DA:4,0
DA:5,0
DA:6,0
DA:7,0
DA:9,0
DA:15,0
DA:16,0
DA:18,0
DA:19,0
DA:20,0
DA:27,0
DA:29,0
DA:30,0
DA:33,0
DA:34,0
DA:35,0
DA:40,0
DA:43,0
DA:49,0
DA:50,0
DA:61,0
DA:70,0
DA:71,0
DA:77,0
DA:78,0
LF:28
LH:0
BRDA:19,0,0,0
BRDA:30,1,0,0
BRDA:30,1,1,0
BRDA:34,2,0,0
BRDA:49,3,0,0
BRDA:49,3,1,0
BRDA:49,3,2,0
BRDA:70,4,0,0
BRF:8
BRH:0
end_of_record
TN:
SF:app/api/billing/portal/route.ts
FN:13,(anonymous_7)
FN:13,(anonymous_8)
FNF:2
FNH:0
FNDA:0,(anonymous_7)
FNDA:0,(anonymous_8)
DA:1,0
DA:2,0
DA:3,0
DA:4,0
DA:6,0
DA:13,0
DA:14,0
DA:16,0
DA:17,0
DA:18,0
DA:24,0
DA:27,0
DA:28,0
DA:35,0
DA:36,0
DA:42,0
DA:44,0
DA:45,0
LF:18
LH:0
BRDA:17,0,0,0
BRDA:27,1,0,0
BRDA:35,2,0,0
BRDA:35,2,1,0
BRDA:35,2,2,0
BRF:5
BRH:0
end_of_record
TN:
SF:app/api/billing/subscription/route.ts
FN:21,(anonymous_7)
FN:21,(anonymous_8)
FN:28,(anonymous_9)
FN:67,(anonymous_10)
FN:67,(anonymous_11)
FN:105,(anonymous_12)
FNF:6
FNH:0
FNDA:0,(anonymous_7)
FNDA:0,(anonymous_8)
FNDA:0,(anonymous_9)
FNDA:0,(anonymous_10)
FNDA:0,(anonymous_11)
FNDA:0,(anonymous_12)
DA:1,0
DA:2,0
DA:3,0
DA:4,0
DA:11,0
DA:12,0
DA:13,0
DA:15,0
DA:21,0
DA:22,0
DA:23,0
DA:24,0
DA:27,0
DA:28,0
DA:30,0
DA:55,0
DA:56,0
DA:67,0
DA:68,0
DA:69,0
DA:70,0
DA:71,0
DA:78,0
DA:80,0
DA:81,0
DA:83,0
DA:84,0
DA:90,0
DA:93,0
DA:94,0
DA:101,0
DA:102,0
DA:103,0
DA:104,0
DA:105,0
DA:106,0
DA:107,0
DA:118,0
DA:119,0
DA:126,0
DA:127,0
DA:134,0
DA:135,0
DA:143,0
DA:144,0
DA:150,0
DA:151,0
DA:156,0
DA:163,0
DA:170,0
DA:171,0
DA:177,0
DA:178,0
LF:53
LH:0
BRDA:43,0,0,0
BRDA:43,0,1,0
BRDA:43,1,0,0
BRDA:43,1,1,0
BRDA:43,2,0,0
BRDA:43,2,1,0
BRDA:44,3,0,0
BRDA:44,3,1,0
BRDA:44,4,0,0
BRDA:44,4,1,0
BRDA:44,5,0,0
BRDA:44,5,1,0
BRDA:45,6,0,0
BRDA:45,6,1,0
BRDA:45,7,0,0
BRDA:45,7,1,0
BRDA:45,8,0,0
BRDA:45,8,1,0
BRDA:46,9,0,0
BRDA:46,9,1,0
BRDA:46,10,0,0
BRDA:46,10,1,0
BRDA:46,11,0,0
BRDA:46,11,1,0
BRDA:47,12,0,0
BRDA:47,12,1,0
BRDA:47,13,0,0
BRDA:47,13,1,0
BRDA:47,14,0,0
BRDA:47,14,1,0
BRDA:48,15,0,0
BRDA:48,15,1,0
BRDA:48,16,0,0
BRDA:48,16,1,0
BRDA:48,17,0,0
BRDA:48,17,1,0
BRDA:50,18,0,0
BRDA:50,18,1,0
BRDA:50,19,0,0
BRDA:50,19,1,0
BRDA:50,20,0,0
BRDA:50,20,1,0
BRDA:70,21,0,0
BRDA:83,22,0,0
BRDA:83,23,0,0
BRDA:83,23,1,0
BRDA:90,24,0,0
BRDA:90,24,1,0
BRDA:90,24,2,0
BRDA:90,24,3,0
BRDA:90,24,4,0
BRDA:93,25,0,0
BRDA:93,26,0,0
BRDA:93,26,1,0
BRDA:101,27,0,0
BRDA:103,28,0,0
BRDA:103,29,0,0
BRDA:103,29,1,0
BRDA:103,30,0,0
BRDA:103,30,1,0
BRDA:106,31,0,0
BRDA:143,32,0,0
BRDA:150,33,0,0
BRDA:150,33,1,0
BRDA:150,33,2,0
BRDA:170,34,0,0
BRF:66
BRH:0
end_of_record
TN:
SF:app/api/billing/usage/route.ts
FN:28,(anonymous_7)
FN:28,(anonymous_8)
FN:37,(anonymous_9)
FN:52,(anonymous_10)
FNF:4
FNH:0
FNDA:0,(anonymous_7)
FNDA:0,(anonymous_8)
FNDA:0,(anonymous_9)
FNDA:0,(anonymous_10)
DA:1,0
DA:2,0
DA:3,0
DA:4,0
DA:6,0
DA:7,0
DA:28,0
DA:29,0
DA:30,0
DA:31,0
DA:32,0
DA:35,0
DA:36,0
DA:37,0
DA:40,0
DA:41,0
DA:42,0
DA:46,0
DA:52,0
DA:64,0
DA:65,0
LF:21
LH:0
BRDA:31,0,0,0
BRDA:31,0,1,0
BRDA:31,1,0,0
BRDA:31,1,1,0
BRDA:31,2,0,0
BRDA:31,2,1,0
BRDA:41,3,0,0
BRDA:41,3,1,0
BRDA:41,3,2,0
BRDA:41,4,0,0
BRDA:41,4,1,0
BRDA:41,5,0,0
BRDA:41,5,1,0
BRDA:41,6,0,0
BRDA:41,6,1,0
BRDA:41,7,0,0
BRDA:41,7,1,0
BRDA:42,8,0,0
BRDA:42,8,1,0
BRDA:55,9,0,0
BRDA:55,9,1,0
BRDA:57,10,0,0
BRDA:57,10,1,0
BRDA:58,11,0,0
BRDA:58,11,1,0
BRDA:60,12,0,0
BRDA:60,12,1,0
BRDA:60,13,0,0
BRDA:60,13,1,0
BRF:29
BRH:0
end_of_record
TN:
SF:app/api/billing/webhook/route.ts
FN:16,POST
FN:160,handleCheckoutCompleted
FN:196,handleSubscriptionUpdated
FN:197,(anonymous_13)
FN:197,(anonymous_14)
FN:292,handleSubscriptionDeleted
FN:293,(anonymous_17)
FN:293,(anonymous_18)
FN:372,handleInvoicePaid
FN:407,handleInvoicePaymentFailed
FN:412,(anonymous_23)
FN:412,(anonymous_24)
FN:475,(anonymous_25)
FNF:13
FNH:0
FNDA:0,POST
FNDA:0,handleCheckoutCompleted
FNDA:0,handleSubscriptionUpdated
FNDA:0,(anonymous_13)
FNDA:0,(anonymous_14)
FNDA:0,handleSubscriptionDeleted
FNDA:0,(anonymous_17)
FNDA:0,(anonymous_18)
FNDA:0,handleInvoicePaid
FNDA:0,handleInvoicePaymentFailed
FNDA:0,(anonymous_23)
FNDA:0,(anonymous_24)
FNDA:0,(anonymous_25)
DA:1,0
DA:2,0
DA:3,0
DA:4,0
DA:5,0
DA:6,0
DA:7,0
DA:8,0
DA:9,0
DA:10,0
DA:16,0
DA:17,0
DA:18,0
DA:19,0
DA:21,0
DA:22,0
DA:23,0
DA:28,0
DA:29,0
DA:31,0
DA:32,0
DA:36,0
DA:39,0
DA:40,0
DA:44,0
DA:45,0
DA:46,0
DA:50,0
DA:64,0
DA:70,0
DA:71,0
DA:73,0
DA:74,0
DA:79,0
DA:80,0
DA:84,0
DA:85,0
DA:89,0
DA:90,0
DA:94,0
DA:95,0
DA:99,0
DA:103,0
DA:106,0
DA:107,0
DA:124,0
DA:126,0
DA:128,0
DA:161,0
DA:162,0
DA:163,0
DA:165,0
DA:166,0
DA:167,0
DA:170,0
DA:174,0
DA:175,0
DA:181,0
DA:197,0
DA:198,0
DA:201,0
DA:202,0
DA:203,0
DA:206,0
DA:209,0
DA:210,0
DA:211,0
DA:213,0
DA:216,0
DA:219,0
DA:220,0
DA:221,0
DA:222,0
DA:225,0
DA:228,0
DA:238,0
DA:248,0
DA:249,0
DA:253,0
DA:273,0
DA:276,0
DA:293,0
DA:294,0
DA:297,0
DA:298,0
DA:299,0
DA:302,0
DA:303,0
DA:306,0
DA:309,0
DA:310,0
DA:314,0
DA:315,0
DA:316,0
DA:320,0
DA:321,0
DA:331,0
DA:341,0
DA:355,0
DA:358,0
DA:373,0
DA:375,0
DA:376,0
DA:379,0
DA:380,0
DA:397,0
DA:400,0
DA:408,0
DA:409,0
DA:412,0
DA:413,0
DA:417,0
DA:419,0
DA:420,0
DA:421,0
DA:424,0
DA:425,0
DA:430,0
DA:440,0
DA:442,0
DA:445,0
DA:456,0
DA:457,0
DA:459,0
DA:468,0
DA:470,0
DA:473,0
DA:475,0
DA:476,0
DA:477,0
DA:479,0
DA:489,0
DA:491,0
DA:495,0
DA:498,0
LF:135
LH:0
BRDA:21,0,0,0
BRDA:44,1,0,0
BRDA:55,2,0,0
BRDA:55,2,1,0
BRDA:56,3,0,0
BRDA:56,3,1,0
BRDA:56,4,0,0
BRDA:56,4,1,0
BRDA:56,5,0,0
BRDA:56,5,1,0
BRDA:57,6,0,0
BRDA:57,6,1,0
BRDA:71,7,0,0
BRDA:71,7,1,0
BRDA:71,7,2,0
BRDA:71,7,3,0
BRDA:71,7,4,0
BRDA:71,7,5,0
BRDA:71,7,6,0
BRDA:113,8,0,0
BRDA:113,8,1,0
BRDA:161,9,0,0
BRDA:161,9,1,0
BRDA:161,10,0,0
BRDA:161,10,1,0
BRDA:162,11,0,0
BRDA:162,11,1,0
BRDA:162,12,0,0
BRDA:162,12,1,0
BRDA:163,13,0,0
BRDA:163,13,1,0
BRDA:163,14,0,0
BRDA:163,14,1,0
BRDA:165,15,0,0
BRDA:174,16,0,0
BRDA:187,17,0,0
BRDA:187,17,1,0
BRDA:198,18,0,0
BRDA:198,18,1,0
BRDA:198,19,0,0
BRDA:198,19,1,0
BRDA:202,20,0,0
BRDA:202,20,1,0
BRDA:209,21,0,0
BRDA:216,22,0,0
BRDA:219,23,0,0
BRDA:219,23,1,0
BRDA:219,24,0,0
BRDA:219,24,1,0
BRDA:219,25,0,0
BRDA:219,25,1,0
BRDA:219,26,0,0
BRDA:219,26,1,0
BRDA:219,27,0,0
BRDA:219,27,1,0
BRDA:219,28,0,0
BRDA:219,28,1,0
BRDA:219,29,0,0
BRDA:219,29,1,0
BRDA:219,30,0,0
BRDA:219,30,1,0
BRDA:220,31,0,0
BRDA:220,31,1,0
BRDA:221,32,0,0
BRDA:221,32,1,0
BRDA:221,32,2,0
BRDA:221,33,0,0
BRDA:221,33,1,0
BRDA:221,34,0,0
BRDA:221,34,1,0
BRDA:221,35,0,0
BRDA:221,35,1,0
BRDA:221,36,0,0
BRDA:221,36,1,0
BRDA:222,37,0,0
BRDA:222,37,1,0
BRDA:222,37,2,0
BRDA:222,38,0,0
BRDA:222,38,1,0
BRDA:222,39,0,0
BRDA:222,39,1,0
BRDA:222,40,0,0
BRDA:222,40,1,0
BRDA:222,41,0,0
BRDA:222,41,1,0
BRDA:225,42,0,0
BRDA:225,42,1,0
BRDA:232,43,0,0
BRDA:232,43,1,0
BRDA:233,44,0,0
BRDA:233,44,1,0
BRDA:233,45,0,0
BRDA:233,45,1,0
BRDA:234,46,0,0
BRDA:234,46,1,0
BRDA:234,47,0,0
BRDA:234,47,1,0
BRDA:248,48,0,0
BRDA:248,48,1,0
BRDA:248,49,0,0
BRDA:248,49,1,0
BRDA:249,50,0,0
BRDA:249,50,1,0
BRDA:260,51,0,0
BRDA:260,51,1,0
BRDA:261,52,0,0
BRDA:261,52,1,0
BRDA:294,53,0,0
BRDA:294,53,1,0
BRDA:294,54,0,0
BRDA:294,54,1,0
BRDA:298,55,0,0
BRDA:298,55,1,0
BRDA:302,56,0,0
BRDA:309,57,0,0
BRDA:314,58,0,0
BRDA:327,59,0,0
BRDA:327,59,1,0
BRDA:327,60,0,0
BRDA:327,60,1,0
BRDA:373,61,0,0
BRDA:376,62,0,0
BRDA:383,63,0,0
BRDA:383,63,1,0
BRDA:383,64,0,0
BRDA:383,64,1,0
BRDA:384,65,0,0
BRDA:384,65,1,0
BRDA:384,66,0,0
BRDA:384,66,1,0
BRDA:388,67,0,0
BRDA:388,67,1,0
BRDA:391,68,0,0
BRDA:391,68,1,0
BRDA:400,69,0,0
BRDA:400,69,1,0
BRDA:400,70,0,0
BRDA:400,70,1,0
BRDA:400,71,0,0
BRDA:400,71,1,0
BRDA:400,72,0,0
BRDA:400,72,1,0
BRDA:417,73,0,0
BRDA:424,74,0,0
BRDA:440,75,0,0
BRDA:456,76,0,0
BRDA:456,76,1,0
BRDA:456,77,0,0
BRDA:456,77,1,0
BRDA:468,78,0,0
BRDA:468,78,1,0
BRDA:473,79,0,0
BRDA:473,79,1,0
BRDA:476,80,0,0
BRDA:476,80,1,0
BRDA:477,81,0,0
BRDA:477,81,1,0
BRDA:484,82,0,0
BRDA:484,82,1,0
BRDA:484,83,0,0
BRDA:484,83,1,0
BRDA:484,84,0,0
BRDA:484,84,1,0
BRDA:484,85,0,0
BRDA:484,85,1,0
BRF:165
BRH:0
end_of_record
TN:
SF:app/api/cron/daily-digest/route.ts
FN:22,verifyCronSecret
FN:43,isDigestTime
FN:77,getTodayInTimezone
FN:92,GET
FN:169,(anonymous_21)
FN:177,(anonymous_22)
FN:200,(anonymous_23)
FN:226,(anonymous_24)
FN:227,(anonymous_25)
FN:228,(anonymous_26)
FN:229,(anonymous_27)
FN:248,(anonymous_28)
FN:277,(anonymous_29)
FN:286,(anonymous_30)
FN:289,(anonymous_31)
FN:305,(anonymous_32)
FN:327,(anonymous_33)
FN:328,(anonymous_34)
FNF:18
FNH:0
FNDA:0,verifyCronSecret
FNDA:0,isDigestTime
FNDA:0,getTodayInTimezone
FNDA:0,GET
FNDA:0,(anonymous_21)
FNDA:0,(anonymous_22)
FNDA:0,(anonymous_23)
FNDA:0,(anonymous_24)
FNDA:0,(anonymous_25)
FNDA:0,(anonymous_26)
FNDA:0,(anonymous_27)
FNDA:0,(anonymous_28)
FNDA:0,(anonymous_29)
FNDA:0,(anonymous_30)
FNDA:0,(anonymous_31)
FNDA:0,(anonymous_32)
FNDA:0,(anonymous_33)
FNDA:0,(anonymous_34)
DA:1,0
DA:2,0
DA:3,0
DA:4,0
DA:5,0
DA:6,0
DA:7,0
DA:9,0
DA:10,0
DA:23,0
DA:24,0
DA:26,0
DA:27,0
DA:28,0
DA:29,0
DA:31,0
DA:32,0
DA:35,0
DA:36,0
DA:44,0
DA:46,0
DA:47,0
DA:48,0
DA:53,0
DA:56,0
DA:59,0
DA:63,0
DA:64,0
DA:66,0
DA:68,0
DA:69,0
DA:70,0
DA:78,0
DA:79,0
DA:80,0
DA:86,0
DA:88,0
DA:92,0
DA:93,0
DA:95,0
DA:96,0
DA:102,0
DA:103,0
DA:109,0
DA:112,0
DA:113,0
DA:114,0
DA:116,0
DA:120,0
DA:121,0
DA:123,0
DA:124,0
DA:127,0
DA:128,0
DA:129,0
DA:132,0
DA:133,0
DA:134,0
DA:137,0
DA:138,0
DA:141,0
DA:142,0
DA:143,0
DA:144,0
DA:147,0
DA:150,0
DA:152,0
DA:153,0
DA:154,0
DA:155,0
DA:156,0
DA:160,0
DA:162,0
DA:163,0
DA:164,0
DA:165,0
DA:169,0
DA:170,0
DA:177,0
DA:190,0
DA:199,0
DA:200,0
DA:201,0
DA:210,0
DA:213,0
DA:214,0
DA:222,0
DA:223,0
DA:226,0
DA:227,0
DA:228,0
DA:229,0
DA:232,0
DA:233,0
DA:234,0
DA:237,0
DA:238,0
DA:239,0
DA:240,0
DA:247,0
DA:248,0
DA:250,0
DA:256,0
DA:258,0
DA:264,0
DA:265,0
DA:266,0
DA:267,0
DA:268,0
DA:275,0
DA:277,0
DA:286,0
DA:289,0
DA:298,0
DA:305,0
DA:308,0
DA:309,0
DA:311,0
DA:315,0
DA:317,0
DA:318,0
DA:327,0
DA:328,0
DA:330,0
DA:336,0
DA:337,0
LF:126
LH:0
BRDA:26,0,0,0
BRDA:27,1,0,0
BRDA:44,2,0,0
BRDA:44,2,1,0
BRDA:44,3,0,0
BRDA:44,3,1,0
BRDA:44,4,0,0
BRDA:44,4,1,0
BRDA:66,5,0,0
BRDA:66,5,1,0
BRDA:70,6,0,0
BRDA:70,6,1,0
BRDA:70,6,2,0
BRDA:95,7,0,0
BRDA:102,8,0,0
BRDA:124,9,0,0
BRDA:124,9,1,0
BRDA:124,10,0,0
BRDA:124,10,1,0
BRDA:124,11,0,0
BRDA:124,11,1,0
BRDA:127,12,0,0
BRDA:141,13,0,0
BRDA:141,14,0,0
BRDA:141,14,1,0
BRDA:153,15,0,0
BRDA:162,16,0,0
BRDA:195,17,0,0
BRDA:195,17,1,0
BRDA:229,18,0,0
BRDA:229,18,1,0
BRDA:232,19,0,0
BRDA:238,20,0,0
BRDA:251,21,0,0
BRDA:251,21,1,0
BRDA:264,22,0,0
BRDA:264,22,1,0
BRDA:264,23,0,0
BRDA:264,23,1,0
BRDA:265,24,0,0
BRDA:265,25,0,0
BRDA:265,25,1,0
BRDA:265,26,0,0
BRDA:265,26,1,0
BRDA:265,27,0,0
BRDA:265,27,1,0
BRDA:270,28,0,0
BRDA:270,28,1,0
BRDA:270,29,0,0
BRDA:270,29,1,0
BRDA:270,30,0,0
BRDA:270,30,1,0
BRDA:275,31,0,0
BRDA:275,31,1,0
BRDA:322,32,0,0
BRDA:322,32,1,0
BRDA:327,33,0,0
BRDA:327,33,1,0
BRDA:338,34,0,0
BRDA:338,34,1,0
BRF:60
BRH:0
end_of_record
TN:
SF:app/api/cron/daily-eod-email/route.ts
FN:18,verifyCronSecret
FN:39,isDailyEmailTime
FN:69,getTodayInTimezone
FN:84,GET
FN:155,(anonymous_12)
FN:168,(anonymous_13)
FN:176,(anonymous_14)
FN:211,(anonymous_15)
FN:241,(anonymous_16)
FN:242,(anonymous_17)
FNF:10
FNH:0
FNDA:0,verifyCronSecret
FNDA:0,isDailyEmailTime
FNDA:0,getTodayInTimezone
FNDA:0,GET
FNDA:0,(anonymous_12)
FNDA:0,(anonymous_13)
FNDA:0,(anonymous_14)
FNDA:0,(anonymous_15)
FNDA:0,(anonymous_16)
FNDA:0,(anonymous_17)
DA:1,0
DA:2,0
DA:3,0
DA:5,0
DA:19,0
DA:20,0
DA:22,0
DA:23,0
DA:24,0
DA:25,0
DA:27,0
DA:28,0
DA:31,0
DA:32,0
DA:41,0
DA:42,0
DA:44,0
DA:46,0
DA:47,0
DA:53,0
DA:54,0
DA:57,0
DA:59,0
DA:61,0
DA:62,0
DA:70,0
DA:71,0
DA:72,0
DA:78,0
DA:80,0
DA:84,0
DA:85,0
DA:87,0
DA:88,0
DA:94,0
DA:95,0
DA:101,0
DA:104,0
DA:105,0
DA:107,0
DA:108,0
DA:111,0
DA:112,0
DA:120,0
DA:123,0
DA:125,0
DA:126,0
DA:127,0
DA:130,0
DA:131,0
DA:134,0
DA:135,0
DA:136,0
DA:144,0
DA:147,0
DA:151,0
DA:155,0
DA:157,0
DA:158,0
DA:166,0
DA:168,0
DA:171,0
DA:172,0
DA:175,0
DA:176,0
DA:178,0
DA:180,0
DA:181,0
DA:182,0
DA:185,0
DA:194,0
DA:196,0
DA:204,0
DA:205,0
DA:207,0
DA:210,0
DA:211,0
DA:214,0
DA:218,0
DA:220,0
DA:229,0
DA:230,0
DA:241,0
DA:242,0
DA:244,0
DA:250,0
DA:251,0
LF:87
LH:0
BRDA:22,0,0,0
BRDA:23,1,0,0
BRDA:42,2,0,0
BRDA:42,2,1,0
BRDA:42,3,0,0
BRDA:42,3,1,0
BRDA:42,4,0,0
BRDA:42,4,1,0
BRDA:87,5,0,0
BRDA:94,6,0,0
BRDA:108,7,0,0
BRDA:108,7,1,0
BRDA:108,8,0,0
BRDA:108,8,1,0
BRDA:108,9,0,0
BRDA:108,9,1,0
BRDA:111,10,0,0
BRDA:134,11,0,0
BRDA:134,12,0,0
BRDA:134,12,1,0
BRDA:157,13,0,0
BRDA:180,14,0,0
BRDA:204,15,0,0
BRDA:204,15,1,0
BRDA:210,16,0,0
BRDA:236,17,0,0
BRDA:236,17,1,0
BRDA:252,18,0,0
BRDA:252,18,1,0
BRF:29
BRH:0
end_of_record
TN:
SF:app/api/cron/eod-reminder/route.ts
FN:18,verifyCronSecret
FN:39,isReminderTime
FN:81,getTodayInTimezone
FN:96,GET
FN:167,(anonymous_12)
FN:180,(anonymous_13)
FN:183,(anonymous_14)
FN:199,(anonymous_15)
FN:200,(anonymous_16)
FN:215,(anonymous_17)
FN:250,(anonymous_18)
FN:282,(anonymous_19)
FN:283,(anonymous_20)
FNF:13
FNH:0
FNDA:0,verifyCronSecret
FNDA:0,isReminderTime
FNDA:0,getTodayInTimezone
FNDA:0,GET
FNDA:0,(anonymous_12)
FNDA:0,(anonymous_13)
FNDA:0,(anonymous_14)
FNDA:0,(anonymous_15)
FNDA:0,(anonymous_16)
FNDA:0,(anonymous_17)
FNDA:0,(anonymous_18)
FNDA:0,(anonymous_19)
FNDA:0,(anonymous_20)
DA:1,0
DA:2,0
DA:3,0
DA:4,0
DA:6,0
DA:19,0
DA:20,0
DA:22,0
DA:23,0
DA:24,0
DA:25,0
DA:27,0
DA:28,0
DA:31,0
DA:32,0
DA:40,0
DA:41,0
DA:43,0
DA:45,0
DA:46,0
DA:52,0
DA:53,0
DA:56,0
DA:59,0
DA:62,0
DA:66,0
DA:67,0
DA:69,0
DA:71,0
DA:73,0
DA:74,0
DA:82,0
DA:83,0
DA:84,0
DA:90,0
DA:92,0
DA:96,0
DA:97,0
DA:99,0
DA:100,0
DA:106,0
DA:107,0
DA:113,0
DA:116,0
DA:117,0
DA:119,0
DA:120,0
DA:123,0
DA:124,0
DA:132,0
DA:135,0
DA:137,0
DA:138,0
DA:139,0
DA:142,0
DA:143,0
DA:146,0
DA:147,0
DA:148,0
DA:156,0
DA:159,0
DA:163,0
DA:167,0
DA:169,0
DA:170,0
DA:178,0
DA:180,0
DA:183,0
DA:185,0
DA:186,0
DA:187,0
DA:195,0
DA:199,0
DA:200,0
DA:210,0
DA:211,0
DA:214,0
DA:215,0
DA:217,0
DA:219,0
DA:220,0
DA:221,0
DA:224,0
DA:233,0
DA:234,0
DA:235,0
DA:237,0
DA:239,0
DA:243,0
DA:246,0
DA:247,0
DA:248,0
DA:249,0
DA:250,0
DA:253,0
DA:254,0
DA:256,0
DA:257,0
DA:261,0
DA:270,0
DA:271,0
DA:282,0
DA:283,0
DA:285,0
DA:291,0
DA:292,0
LF:106
LH:0
BRDA:22,0,0,0
BRDA:23,1,0,0
BRDA:40,2,0,0
BRDA:40,2,1,0
BRDA:40,3,0,0
BRDA:40,3,1,0
BRDA:40,4,0,0
BRDA:40,4,1,0
BRDA:41,5,0,0
BRDA:41,5,1,0
BRDA:41,6,0,0
BRDA:41,6,1,0
BRDA:41,7,0,0
BRDA:41,7,1,0
BRDA:69,8,0,0
BRDA:69,8,1,0
BRDA:74,9,0,0
BRDA:74,9,1,0
BRDA:74,9,2,0
BRDA:99,10,0,0
BRDA:106,11,0,0
BRDA:120,12,0,0
BRDA:120,12,1,0
BRDA:120,13,0,0
BRDA:120,13,1,0
BRDA:120,14,0,0
BRDA:120,14,1,0
BRDA:123,15,0,0
BRDA:146,16,0,0
BRDA:146,17,0,0
BRDA:146,17,1,0
BRDA:169,18,0,0
BRDA:185,19,0,0
BRDA:199,20,0,0
BRDA:199,20,1,0
BRDA:219,21,0,0
BRDA:234,22,0,0
BRDA:234,22,1,0
BRDA:246,23,0,0
BRDA:246,23,1,0
BRDA:246,24,0,0
BRDA:246,24,1,0
BRDA:247,25,0,0
BRDA:247,26,0,0
BRDA:247,26,1,0
BRDA:247,26,2,0
BRDA:247,27,0,0
BRDA:247,27,1,0
BRDA:247,28,0,0
BRDA:247,28,1,0
BRDA:257,29,0,0
BRDA:257,29,1,0
BRDA:277,30,0,0
BRDA:277,30,1,0
BRDA:283,31,0,0
BRDA:283,31,1,0
BRDA:293,32,0,0
BRDA:293,32,1,0
BRF:58
BRH:0
end_of_record
TN:
SF:app/api/cross-workspace/tasks/route.ts
FN:11,(anonymous_7)
FN:11,(anonymous_8)
FN:33,(anonymous_9)
FN:33,(anonymous_10)
FN:62,(anonymous_11)
FNF:5
FNH:0
FNDA:0,(anonymous_7)
FNDA:0,(anonymous_8)
FNDA:0,(anonymous_9)
FNDA:0,(anonymous_10)
FNDA:0,(anonymous_11)
DA:1,0
DA:2,0
DA:3,0
DA:4,0
DA:5,0
DA:6,0
DA:7,0
DA:11,0
DA:12,0
DA:14,0
DA:16,0
DA:24,0
DA:25,0
DA:33,0
DA:34,0
DA:36,0
DA:37,0
DA:38,0
DA:51,0
DA:54,0
DA:58,0
DA:60,0
DA:61,0
DA:63,0
DA:66,0
DA:67,0
DA:75,0
DA:76,0
DA:77,0
DA:84,0
DA:95,0
DA:97,0
DA:98,0
DA:100,0
DA:101,0
DA:103,0
DA:125,0
DA:128,0
DA:137,0
DA:138,0
DA:156,0
DA:169,0
DA:170,0
LF:43
LH:0
BRDA:37,0,0,0
BRDA:58,1,0,0
BRDA:58,2,0,0
BRDA:58,2,1,0
BRDA:63,3,0,0
BRDA:63,3,1,0
BRDA:63,3,2,0
BRDA:66,4,0,0
BRDA:76,5,0,0
BRDA:89,6,0,0
BRDA:89,6,1,0
BRDA:89,7,0,0
BRDA:89,7,1,0
BRDA:90,8,0,0
BRDA:90,8,1,0
BRDA:95,9,0,0
BRDA:98,10,0,0
BRDA:98,11,0,0
BRDA:98,11,1,0
BRDA:107,12,0,0
BRDA:107,12,1,0
BRDA:107,13,0,0
BRDA:107,13,1,0
BRDA:107,14,0,0
BRDA:107,14,1,0
BRDA:115,15,0,0
BRDA:115,15,1,0
BRDA:116,16,0,0
BRDA:116,16,1,0
BRDA:149,17,0,0
BRDA:149,17,1,0
BRDA:150,18,0,0
BRDA:150,18,1,0
BRF:33
BRH:0
end_of_record
TN:
SF:app/api/dashboard/metrics/route.ts
FN:33,(anonymous_7)
FN:33,(anonymous_8)
FN:85,(anonymous_9)
FN:86,(anonymous_10)
FN:88,(anonymous_11)
FN:89,(anonymous_12)
FN:92,(anonymous_13)
FN:93,(anonymous_14)
FN:99,(anonymous_15)
FN:106,(anonymous_16)
FN:112,(anonymous_17)
FN:114,(anonymous_18)
FN:115,(anonymous_19)
FNF:13
FNH:0
FNDA:0,(anonymous_7)
FNDA:0,(anonymous_8)
FNDA:0,(anonymous_9)
FNDA:0,(anonymous_10)
FNDA:0,(anonymous_11)
FNDA:0,(anonymous_12)
FNDA:0,(anonymous_13)
FNDA:0,(anonymous_14)
FNDA:0,(anonymous_15)
FNDA:0,(anonymous_16)
FNDA:0,(anonymous_17)
FNDA:0,(anonymous_18)
FNDA:0,(anonymous_19)
DA:1,0
DA:2,0
DA:3,0
DA:4,0
DA:6,0
DA:33,0
DA:34,0
DA:35,0
DA:38,0
DA:39,0
DA:43,0
DA:44,0
DA:45,0
DA:46,0
DA:52,0
DA:53,0
DA:54,0
DA:59,0
DA:63,0
DA:64,0
DA:65,0
DA:68,0
DA:69,0
DA:72,0
DA:73,0
DA:74,0
DA:77,0
DA:85,0
DA:86,0
DA:88,0
DA:89,0
DA:92,0
DA:93,0
DA:94,0
DA:95,0
DA:99,0
DA:100,0
DA:105,0
DA:106,0
DA:107,0
DA:108,0
DA:111,0
DA:112,0
DA:115,0
DA:116,0
DA:124,0
DA:136,0
DA:141,0
DA:142,0
LF:49
LH:0
BRDA:43,0,0,0
BRDA:45,1,0,0
BRDA:45,2,0,0
BRDA:45,2,1,0
BRDA:53,3,0,0
BRDA:78,4,0,0
BRDA:78,4,1,0
BRDA:79,5,0,0
BRDA:79,5,1,0
BRDA:80,6,0,0
BRDA:80,6,1,0
BRDA:88,7,0,0
BRDA:88,7,1,0
BRDA:89,8,0,0
BRDA:89,8,1,0
BRDA:95,9,0,0
BRDA:95,9,1,0
BRDA:100,10,0,0
BRDA:100,10,1,0
BRDA:107,11,0,0
BRDA:107,11,1,0
BRDA:118,12,0,0
BRDA:118,12,1,0
BRDA:118,13,0,0
BRDA:118,13,1,0
BRDA:118,14,0,0
BRDA:118,14,1,0
BRDA:133,15,0,0
BRDA:133,15,1,0
BRF:29
BRH:0
end_of_record
TN:
SF:app/api/db/migrate/route.ts
FN:31,(anonymous_7)
FN:31,(anonymous_8)
FN:71,POST
FNF:3
FNH:0
FNDA:0,(anonymous_7)
FNDA:0,(anonymous_8)
FNDA:0,POST
DA:11,0
DA:12,0
DA:13,0
DA:15,0
DA:31,0
DA:32,0
DA:34,0
DA:35,0
DA:37,0
DA:47,0
DA:54,0
DA:55,0
DA:71,0
DA:72,0
LF:14
LH:0
BRDA:42,0,0,0
BRDA:42,0,1,0
BRDA:44,1,0,0
BRDA:44,1,1,0
BRF:4
BRH:0
end_of_record
TN:
SF:app/api/db/seed/route.ts
FN:15,(anonymous_7)
FN:15,(anonymous_8)
FN:69,(anonymous_9)
FNF:3
FNH:0
FNDA:0,(anonymous_7)
FNDA:0,(anonymous_8)
FNDA:0,(anonymous_9)
DA:8,0
DA:9,0
DA:10,0
DA:11,0
DA:12,0
DA:13,0
DA:15,0
DA:17,0
DA:18,0
DA:24,0
DA:25,0
DA:28,0
DA:31,0
DA:33,0
DA:34,0
DA:40,0
DA:47,0
DA:50,0
DA:58,0
DA:61,0
DA:62,0
DA:64,0
DA:68,0
DA:69,0
DA:73,0
DA:74,0
DA:75,0
DA:79,0
DA:80,0
DA:82,0
DA:83,0
DA:94,0
DA:95,0
DA:97,0
DA:102,0
DA:104,0
DA:105,0
DA:106,0
DA:107,0
DA:109,0
DA:110,0
DA:111,0
DA:112,0
DA:115,0
DA:117,0
DA:118,0
DA:131,0
DA:133,0
DA:137,0
DA:143,0
DA:144,0
LF:51
LH:0
BRDA:17,0,0,0
BRDA:31,1,0,0
BRDA:31,1,1,0
BRDA:31,2,0,0
BRDA:31,2,1,0
BRDA:31,3,0,0
BRDA:31,3,1,0
BRDA:33,4,0,0
BRDA:62,5,0,0
BRDA:69,6,0,0
BRDA:69,6,1,0
BRDA:69,7,0,0
BRDA:69,7,1,0
BRDA:69,8,0,0
BRDA:69,8,1,0
BRDA:70,9,0,0
BRDA:70,9,1,0
BRDA:70,10,0,0
BRDA:70,10,1,0
BRDA:73,11,0,0
BRDA:74,12,0,0
BRDA:74,12,1,0
BRDA:91,13,0,0
BRDA:91,13,1,0
BRDA:105,14,0,0
BRDA:110,15,0,0
BRDA:125,16,0,0
BRDA:125,16,1,0
BRDA:125,17,0,0
BRDA:125,17,1,0
BRDA:126,18,0,0
BRDA:126,18,1,0
BRDA:126,19,0,0
BRDA:126,19,1,0
BRDA:127,20,0,0
BRDA:127,20,1,0
BRDA:145,21,0,0
BRDA:145,21,1,0
BRF:38
BRH:0
end_of_record
TN:
SF:app/api/db/status/route.ts
FN:36,(anonymous_7)
FN:36,(anonymous_8)
FN:83,(anonymous_9)
FNF:3
FNH:0
FNDA:0,(anonymous_7)
FNDA:0,(anonymous_8)
FNDA:0,(anonymous_9)
DA:8,0
DA:9,0
DA:10,0
DA:36,0
DA:37,0
DA:42,0
DA:44,0
DA:45,0
DA:48,0
DA:61,0
DA:62,0
DA:64,0
DA:65,0
DA:70,0
DA:78,0
DA:83,0
DA:90,0
DA:92,0
DA:99,0
DA:108,0
DA:110,0
DA:111,0
LF:22
LH:0
BRDA:67,0,0,0
BRDA:67,0,1,0
BRDA:67,1,0,0
BRDA:67,1,1,0
BRDA:67,2,0,0
BRDA:67,2,1,0
BRDA:86,3,0,0
BRDA:86,3,1,0
BRDA:86,4,0,0
BRDA:86,4,1,0
BRDA:86,5,0,0
BRDA:86,5,1,0
BRDA:102,6,0,0
BRDA:102,6,1,0
BRDA:102,7,0,0
BRDA:102,7,1,0
BRDA:102,8,0,0
BRDA:102,8,1,0
BRDA:103,9,0,0
BRDA:103,9,1,0
BRDA:103,10,0,0
BRDA:103,10,1,0
BRDA:103,11,0,0
BRDA:103,11,1,0
BRDA:104,12,0,0
BRDA:104,12,1,0
BRDA:104,13,0,0
BRDA:104,13,1,0
BRDA:104,14,0,0
BRDA:104,14,1,0
BRDA:105,15,0,0
BRDA:105,15,1,0
BRDA:105,16,0,0
BRDA:105,16,1,0
BRDA:105,17,0,0
BRDA:105,17,1,0
BRDA:110,18,0,0
BRDA:110,18,1,0
BRF:38
BRH:0
end_of_record
TN:
SF:app/api/eod-reports/route.ts
FN:23,(anonymous_17)
FN:23,(anonymous_18)
FN:41,(anonymous_19)
FN:82,(anonymous_20)
FN:83,(anonymous_21)
FN:119,(anonymous_22)
FN:119,(anonymous_23)
FN:144,(anonymous_24)
FN:160,(anonymous_25)
FN:160,(anonymous_26)
FN:184,(anonymous_27)
FN:269,(anonymous_28)
FN:274,(anonymous_29)
FN:274,(anonymous_30)
FN:281,(anonymous_31)
FN:284,(anonymous_32)
FN:298,(anonymous_33)
FN:301,(anonymous_34)
FN:301,(anonymous_35)
FN:316,(anonymous_36)
FN:325,(anonymous_37)
FN:325,(anonymous_38)
FN:327,(anonymous_39)
FN:335,(anonymous_40)
FN:348,(anonymous_41)
FN:358,(anonymous_42)
FN:359,(anonymous_43)
FN:366,(anonymous_44)
FN:388,(anonymous_45)
FN:392,(anonymous_46)
FN:402,(anonymous_47)
FN:404,(anonymous_48)
FN:408,(anonymous_49)
FN:424,(anonymous_50)
FN:429,(anonymous_51)
FN:430,(anonymous_52)
FN:449,(anonymous_53)
FN:467,(anonymous_54)
FN:496,(anonymous_55)
FN:496,(anonymous_56)
FN:584,(anonymous_57)
FN:584,(anonymous_58)
FNF:42
FNH:0
FNDA:0,(anonymous_17)
FNDA:0,(anonymous_18)
FNDA:0,(anonymous_19)
FNDA:0,(anonymous_20)
FNDA:0,(anonymous_21)
FNDA:0,(anonymous_22)
FNDA:0,(anonymous_23)
FNDA:0,(anonymous_24)
FNDA:0,(anonymous_25)
FNDA:0,(anonymous_26)
FNDA:0,(anonymous_27)
FNDA:0,(anonymous_28)
FNDA:0,(anonymous_29)
FNDA:0,(anonymous_30)
FNDA:0,(anonymous_31)
FNDA:0,(anonymous_32)
FNDA:0,(anonymous_33)
FNDA:0,(anonymous_34)
FNDA:0,(anonymous_35)
FNDA:0,(anonymous_36)
FNDA:0,(anonymous_37)
FNDA:0,(anonymous_38)
FNDA:0,(anonymous_39)
FNDA:0,(anonymous_40)
FNDA:0,(anonymous_41)
FNDA:0,(anonymous_42)
FNDA:0,(anonymous_43)
FNDA:0,(anonymous_44)
FNDA:0,(anonymous_45)
FNDA:0,(anonymous_46)
FNDA:0,(anonymous_47)
FNDA:0,(anonymous_48)
FNDA:0,(anonymous_49)
FNDA:0,(anonymous_50)
FNDA:0,(anonymous_51)
FNDA:0,(anonymous_52)
FNDA:0,(anonymous_53)
FNDA:0,(anonymous_54)
FNDA:0,(anonymous_55)
FNDA:0,(anonymous_56)
FNDA:0,(anonymous_57)
FNDA:0,(anonymous_58)
DA:1,0
DA:2,0
DA:3,0
DA:4,0
DA:5,0
DA:6,0
DA:7,0
DA:8,0
DA:9,0
DA:10,0
DA:11,0
DA:12,0
DA:13,0
DA:14,0
DA:15,0
DA:17,0
DA:19,0
DA:20,0
DA:23,0
DA:24,0
DA:25,0
DA:26,0
DA:27,0
DA:28,0
DA:29,0
DA:30,0
DA:33,0
DA:34,0
DA:41,0
DA:42,0
DA:43,0
DA:44,0
DA:51,0
DA:52,0
DA:53,0
DA:54,0
DA:62,0
DA:63,0
DA:64,0
DA:66,0
DA:68,0
DA:69,0
DA:71,0
DA:78,0
DA:82,0
DA:83,0
DA:86,0
DA:97,0
DA:98,0
DA:99,0
DA:100,0
DA:101,0
DA:104,0
DA:106,0
DA:108,0
DA:115,0
DA:118,0
DA:119,0
DA:121,0
DA:122,0
DA:130,0
DA:134,0
DA:144,0
DA:146,0
DA:151,0
DA:152,0
DA:160,0
DA:161,0
DA:173,0
DA:176,0
DA:177,0
DA:184,0
DA:185,0
DA:186,0
DA:187,0
DA:194,0
DA:195,0
DA:196,0
DA:197,0
DA:205,0
DA:206,0
DA:209,0
DA:212,0
DA:213,0
DA:214,0
DA:234,0
DA:237,0
DA:240,0
DA:244,0
DA:261,0
DA:264,0
DA:265,0
DA:266,0
DA:268,0
DA:269,0
DA:274,0
DA:276,0
DA:278,0
DA:281,0
DA:284,0
DA:294,0
DA:297,0
DA:298,0
DA:300,0
DA:301,0
DA:302,0
DA:303,0
DA:304,0
DA:307,0
DA:315,0
DA:316,0
DA:319,0
DA:321,0
DA:324,0
DA:325,0
DA:327,0
DA:328,0
DA:335,0
DA:338,0
DA:345,0
DA:348,0
DA:349,0
DA:358,0
DA:359,0
DA:362,0
DA:363,0
DA:365,0
DA:366,0
DA:375,0
DA:381,0
DA:388,0
DA:393,0
DA:398,0
DA:399,0
DA:401,0
DA:402,0
DA:404,0
DA:408,0
DA:413,0
DA:423,0
DA:424,0
DA:428,0
DA:429,0
DA:430,0
DA:439,0
DA:448,0
DA:449,0
DA:454,0
DA:455,0
DA:467,0
DA:468,0
DA:473,0
DA:480,0
DA:481,0
DA:487,0
DA:488,0
DA:496,0
DA:497,0
DA:499,0
DA:501,0
DA:502,0
DA:503,0
DA:510,0
DA:511,0
DA:518,0
DA:519,0
DA:525,0
DA:528,0
DA:529,0
DA:530,0
DA:531,0
DA:543,0
DA:544,0
DA:545,0
DA:551,0
DA:557,0
DA:561,0
DA:568,0
DA:569,0
DA:575,0
DA:576,0
DA:584,0
DA:585,0
DA:586,0
DA:587,0
DA:589,0
DA:590,0
DA:596,0
DA:597,0
DA:598,0
DA:605,0
DA:606,0
DA:612,0
DA:614,0
DA:619,0
DA:620,0
LF:196
LH:0
BRDA:33,0,0,0
BRDA:43,1,0,0
BRDA:51,2,0,0
BRDA:53,3,0,0
BRDA:64,4,0,0
BRDA:64,4,1,0
BRDA:66,5,0,0
BRDA:69,6,0,0
BRDA:69,6,1,0
BRDA:69,7,0,0
BRDA:69,7,1,0
BRDA:100,8,0,0
BRDA:100,8,1,0
BRDA:101,9,0,0
BRDA:101,9,1,0
BRDA:104,10,0,0
BRDA:104,10,1,0
BRDA:104,11,0,0
BRDA:104,11,1,0
BRDA:104,12,0,0
BRDA:104,12,1,0
BRDA:106,13,0,0
BRDA:106,13,1,0
BRDA:111,14,0,0
BRDA:111,14,1,0
BRDA:112,15,0,0
BRDA:112,15,1,0
BRDA:115,16,0,0
BRDA:115,16,1,0
BRDA:121,17,0,0
BRDA:121,17,1,0
BRDA:125,18,0,0
BRDA:125,18,1,0
BRDA:126,19,0,0
BRDA:126,19,1,0
BRDA:137,20,0,0
BRDA:137,20,1,0
BRDA:138,21,0,0
BRDA:138,21,1,0
BRDA:176,22,0,0
BRDA:186,23,0,0
BRDA:194,24,0,0
BRDA:196,25,0,0
BRDA:205,26,0,0
BRDA:205,26,1,0
BRDA:205,27,0,0
BRDA:205,27,1,0
BRDA:205,28,0,0
BRDA:205,28,1,0
BRDA:209,29,0,0
BRDA:209,29,1,0
BRDA:213,30,0,0
BRDA:237,31,0,0
BRDA:237,31,1,0
BRDA:237,32,0,0
BRDA:237,32,1,0
BRDA:237,32,2,0
BRDA:240,33,0,0
BRDA:240,33,1,0
BRDA:240,34,0,0
BRDA:240,34,1,0
BRDA:251,35,0,0
BRDA:251,35,1,0
BRDA:253,36,0,0
BRDA:253,36,1,0
BRDA:254,37,0,0
BRDA:254,37,1,0
BRDA:254,38,0,0
BRDA:254,38,1,0
BRDA:256,39,0,0
BRDA:256,39,1,0
BRDA:256,40,0,0
BRDA:256,40,1,0
BRDA:256,40,2,0
BRDA:264,41,0,0
BRDA:266,42,0,0
BRDA:276,43,0,0
BRDA:297,44,0,0
BRDA:319,45,0,0
BRDA:319,46,0,0
BRDA:319,46,1,0
BRDA:348,47,0,0
BRDA:348,47,1,0
BRDA:362,48,0,0
BRDA:362,49,0,0
BRDA:362,49,1,0
BRDA:365,50,0,0
BRDA:375,51,0,0
BRDA:375,51,1,0
BRDA:375,52,0,0
BRDA:375,52,1,0
BRDA:377,53,0,0
BRDA:377,53,1,0
BRDA:377,54,0,0
BRDA:377,54,1,0
BRDA:398,55,0,0
BRDA:398,55,1,0
BRDA:398,56,0,0
BRDA:398,56,1,0
BRDA:399,57,0,0
BRDA:399,58,0,0
BRDA:399,58,1,0
BRDA:404,59,0,0
BRDA:404,59,1,0
BRDA:406,60,0,0
BRDA:406,60,1,0
BRDA:408,61,0,0
BRDA:408,61,1,0
BRDA:410,62,0,0
BRDA:410,62,1,0
BRDA:428,63,0,0
BRDA:428,64,0,0
BRDA:428,64,1,0
BRDA:428,64,2,0
BRDA:429,65,0,0
BRDA:429,65,1,0
BRDA:461,66,0,0
BRDA:461,66,1,0
BRDA:480,67,0,0
BRDA:502,68,0,0
BRDA:510,69,0,0
BRDA:518,70,0,0
BRDA:525,71,0,0
BRDA:525,71,1,0
BRDA:525,72,0,0
BRDA:525,72,1,0
BRDA:525,73,0,0
BRDA:525,73,1,0
BRDA:528,74,0,0
BRDA:528,75,0,0
BRDA:528,75,1,0
BRDA:530,76,0,0
BRDA:544,77,0,0
BRDA:553,78,0,0
BRDA:553,78,1,0
BRDA:557,79,0,0
BRDA:557,79,1,0
BRDA:557,80,0,0
BRDA:557,80,1,0
BRDA:568,81,0,0
BRDA:589,82,0,0
BRDA:597,83,0,0
BRDA:605,84,0,0
BRF:143
BRH:0
end_of_record
TN:
SF:app/api/eod-reports/verify/route.ts
FN:28,calculateStreak
FN:70,getThisWeekDates
FN:90,(anonymous_9)
FN:90,(anonymous_10)
FN:109,(anonymous_11)
FN:110,(anonymous_12)
FN:111,(anonymous_13)
FN:112,(anonymous_14)
FNF:8
FNH:0
FNDA:0,calculateStreak
FNDA:0,getThisWeekDates
FNDA:0,(anonymous_9)
FNDA:0,(anonymous_10)
FNDA:0,(anonymous_11)
FNDA:0,(anonymous_12)
FNDA:0,(anonymous_13)
FNDA:0,(anonymous_14)
DA:1,0
DA:2,0
DA:3,0
DA:5,0
DA:6,0
DA:29,0
DA:31,0
DA:34,0
DA:35,0
DA:36,0
DA:38,0
DA:39,0
DA:42,0
DA:43,0
DA:47,0
DA:49,0
DA:50,0
DA:53,0
DA:55,0
DA:56,0
DA:57,0
DA:59,0
DA:63,0
DA:66,0
DA:71,0
DA:72,0
DA:75,0
DA:76,0
DA:77,0
DA:78,0
DA:80,0
DA:81,0
DA:82,0
DA:83,0
DA:84,0
DA:86,0
DA:90,0
DA:91,0
DA:92,0
DA:93,0
DA:96,0
DA:97,0
DA:100,0
DA:103,0
DA:106,0
DA:109,0
DA:110,0
DA:111,0
DA:112,0
DA:113,0
DA:114,0
DA:116,0
DA:127,0
DA:136,0
DA:141,0
DA:142,0
LF:56
LH:0
BRDA:29,0,0,0
BRDA:36,1,0,0
BRDA:36,1,1,0
BRDA:42,2,0,0
BRDA:42,3,0,0
BRDA:42,3,1,0
BRDA:49,4,0,0
BRDA:49,4,1,0
BRDA:55,5,0,0
BRDA:55,5,1,0
BRDA:63,6,0,0
BRDA:76,7,0,0
BRDA:76,7,1,0
BRDA:92,8,0,0
BRDA:92,8,1,0
BRDA:92,9,0,0
BRDA:92,9,1,0
BRDA:92,10,0,0
BRDA:92,10,1,0
BRDA:113,11,0,0
BRDA:113,11,1,0
BRF:21
BRH:0
end_of_record
TN:
SF:app/api/export/route.ts
FN:34,arrayToCSV
FN:40,(anonymous_8)
FN:43,(anonymous_9)
FN:45,(anonymous_10)
FN:58,(anonymous_11)
FN:58,(anonymous_12)
FN:75,(anonymous_13)
FN:77,(anonymous_14)
FN:96,(anonymous_15)
FN:101,(anonymous_16)
FN:104,(anonymous_17)
FN:107,(anonymous_18)
FN:134,(anonymous_19)
FN:138,(anonymous_20)
FN:143,(anonymous_21)
FN:146,(anonymous_22)
FN:149,(anonymous_23)
FN:152,(anonymous_24)
FN:154,(anonymous_25)
FN:174,(anonymous_26)
FN:223,fetchAuditLogs
FN:248,(anonymous_29)
FN:262,fetchTeamSummary
FN:338,(anonymous_32)
FN:357,(anonymous_33)
FN:357,(anonymous_34)
FN:377,(anonymous_35)
FN:380,(anonymous_36)
FN:383,(anonymous_37)
FN:386,(anonymous_38)
FN:391,(anonymous_39)
FN:409,(anonymous_40)
FN:412,(anonymous_41)
FN:415,(anonymous_42)
FN:420,(anonymous_43)
FN:437,(anonymous_44)
FN:439,(anonymous_45)
FN:442,(anonymous_46)
FN:447,(anonymous_47)
FN:479,(anonymous_48)
FNF:40
FNH:0
FNDA:0,arrayToCSV
FNDA:0,(anonymous_8)
FNDA:0,(anonymous_9)
FNDA:0,(anonymous_10)
FNDA:0,(anonymous_11)
FNDA:0,(anonymous_12)
FNDA:0,(anonymous_13)
FNDA:0,(anonymous_14)
FNDA:0,(anonymous_15)
FNDA:0,(anonymous_16)
FNDA:0,(anonymous_17)
FNDA:0,(anonymous_18)
FNDA:0,(anonymous_19)
FNDA:0,(anonymous_20)
FNDA:0,(anonymous_21)
FNDA:0,(anonymous_22)
FNDA:0,(anonymous_23)
FNDA:0,(anonymous_24)
FNDA:0,(anonymous_25)
FNDA:0,(anonymous_26)
FNDA:0,fetchAuditLogs
FNDA:0,(anonymous_29)
FNDA:0,fetchTeamSummary
FNDA:0,(anonymous_32)
FNDA:0,(anonymous_33)
FNDA:0,(anonymous_34)
FNDA:0,(anonymous_35)
FNDA:0,(anonymous_36)
FNDA:0,(anonymous_37)
FNDA:0,(anonymous_38)
FNDA:0,(anonymous_39)
FNDA:0,(anonymous_40)
FNDA:0,(anonymous_41)
FNDA:0,(anonymous_42)
FNDA:0,(anonymous_43)
FNDA:0,(anonymous_44)
FNDA:0,(anonymous_45)
FNDA:0,(anonymous_46)
FNDA:0,(anonymous_47)
FNDA:0,(anonymous_48)
DA:1,0
DA:2,0
DA:3,0
DA:4,0
DA:5,0
DA:6,0
DA:7,0
DA:8,0
DA:9,0
DA:11,0
DA:17,0
DA:35,0
DA:37,0
DA:40,0
DA:43,0
DA:44,0
DA:46,0
DA:47,0
DA:48,0
DA:49,0
DA:54,0
DA:58,0
DA:59,0
DA:60,0
DA:61,0
DA:62,0
DA:63,0
DA:64,0
DA:65,0
DA:67,0
DA:68,0
DA:70,0
DA:72,0
DA:73,0
DA:75,0
DA:77,0
DA:87,0
DA:88,0
DA:92,0
DA:95,0
DA:96,0
DA:100,0
DA:101,0
DA:103,0
DA:104,0
DA:107,0
DA:119,0
DA:120,0
DA:125,0
DA:126,0
DA:132,0
DA:133,0
DA:134,0
DA:137,0
DA:138,0
DA:142,0
DA:143,0
DA:145,0
DA:146,0
DA:149,0
DA:152,0
DA:154,0
DA:159,0
DA:160,0
DA:165,0
DA:166,0
DA:172,0
DA:174,0
DA:182,0
DA:183,0
DA:187,0
DA:193,0
DA:194,0
DA:203,0
DA:204,0
DA:211,0
DA:212,0
DA:228,0
DA:248,0
DA:268,0
DA:269,0
DA:271,0
DA:338,0
DA:357,0
DA:358,0
DA:359,0
DA:363,0
DA:365,0
DA:366,0
DA:367,0
DA:370,0
DA:371,0
DA:372,0
DA:375,0
DA:376,0
DA:377,0
DA:379,0
DA:380,0
DA:382,0
DA:383,0
DA:385,0
DA:386,0
DA:387,0
DA:391,0
DA:402,0
DA:403,0
DA:407,0
DA:408,0
DA:409,0
DA:411,0
DA:412,0
DA:414,0
DA:415,0
DA:416,0
DA:420,0
DA:430,0
DA:431,0
DA:435,0
DA:436,0
DA:437,0
DA:438,0
DA:439,0
DA:441,0
DA:442,0
DA:443,0
DA:447,0
DA:456,0
DA:457,0
DA:461,0
DA:465,0
DA:478,0
DA:479,0
DA:480,0
DA:481,0
DA:482,0
DA:483,0
DA:486,0
DA:491,0
DA:492,0
DA:493,0
DA:503,0
DA:511,0
DA:512,0
DA:516,0
DA:522,0
DA:530,0
DA:531,0
DA:533,0
DA:534,0
LF:149
LH:0
BRDA:35,0,0,0
BRDA:37,1,0,0
BRDA:37,1,1,0
BRDA:47,2,0,0
BRDA:47,3,0,0
BRDA:47,3,1,0
BRDA:48,4,0,0
BRDA:61,5,0,0
BRDA:61,5,1,0
BRDA:62,6,0,0
BRDA:62,6,1,0
BRDA:70,7,0,0
BRDA:70,7,1,0
BRDA:70,7,2,0
BRDA:70,7,3,0
BRDA:70,7,4,0
BRDA:79,8,0,0
BRDA:79,8,1,0
BRDA:80,9,0,0
BRDA:80,9,1,0
BRDA:80,10,0,0
BRDA:80,10,1,0
BRDA:80,11,0,0
BRDA:80,11,1,0
BRDA:80,12,0,0
BRDA:80,12,1,0
BRDA:80,13,0,0
BRDA:80,13,1,0
BRDA:83,14,0,0
BRDA:83,14,1,0
BRDA:84,15,0,0
BRDA:84,15,1,0
BRDA:95,16,0,0
BRDA:100,17,0,0
BRDA:103,18,0,0
BRDA:109,19,0,0
BRDA:109,19,1,0
BRDA:110,20,0,0
BRDA:110,20,1,0
BRDA:111,21,0,0
BRDA:111,21,1,0
BRDA:115,22,0,0
BRDA:115,22,1,0
BRDA:116,23,0,0
BRDA:116,23,1,0
BRDA:125,24,0,0
BRDA:137,25,0,0
BRDA:142,26,0,0
BRDA:145,27,0,0
BRDA:151,28,0,0
BRDA:151,28,1,0
BRDA:151,29,0,0
BRDA:151,29,1,0
BRDA:151,30,0,0
BRDA:151,30,1,0
BRDA:152,31,0,0
BRDA:152,31,1,0
BRDA:152,32,0,0
BRDA:152,32,1,0
BRDA:152,33,0,0
BRDA:152,33,1,0
BRDA:153,34,0,0
BRDA:153,34,1,0
BRDA:154,35,0,0
BRDA:154,35,1,0
BRDA:154,36,0,0
BRDA:154,36,1,0
BRDA:154,37,0,0
BRDA:154,37,1,0
BRDA:155,38,0,0
BRDA:155,38,1,0
BRDA:156,39,0,0
BRDA:156,39,1,0
BRDA:165,40,0,0
BRDA:179,41,0,0
BRDA:179,41,1,0
BRDA:193,42,0,0
BRDA:242,43,0,0
BRDA:242,43,1,0
BRDA:242,44,0,0
BRDA:242,44,1,0
BRDA:242,45,0,0
BRDA:242,45,1,0
BRDA:242,46,0,0
BRDA:242,46,1,0
BRDA:242,47,0,0
BRDA:242,47,1,0
BRDA:242,48,0,0
BRDA:242,48,1,0
BRDA:242,49,0,0
BRDA:242,49,1,0
BRDA:242,50,0,0
BRDA:242,50,1,0
BRDA:243,51,0,0
BRDA:243,51,1,0
BRDA:243,52,0,0
BRDA:243,52,1,0
BRDA:243,53,0,0
BRDA:243,53,1,0
BRDA:243,54,0,0
BRDA:243,54,1,0
BRDA:243,55,0,0
BRDA:243,55,1,0
BRDA:243,56,0,0
BRDA:243,56,1,0
BRDA:243,57,0,0
BRDA:243,57,1,0
BRDA:243,58,0,0
BRDA:243,58,1,0
BRDA:268,59,0,0
BRDA:268,59,1,0
BRDA:268,60,0,0
BRDA:268,60,1,0
BRDA:268,61,0,0
BRDA:268,61,1,0
BRDA:268,62,0,0
BRDA:268,62,1,0
BRDA:269,63,0,0
BRDA:269,63,1,0
BRDA:269,64,0,0
BRDA:269,64,1,0
BRDA:269,65,0,0
BRDA:269,65,1,0
BRDA:269,66,0,0
BRDA:269,66,1,0
BRDA:363,67,0,0
BRDA:363,67,1,0
BRDA:363,67,2,0
BRDA:363,67,3,0
BRDA:363,67,4,0
BRDA:363,67,5,0
BRDA:376,68,0,0
BRDA:376,69,0,0
BRDA:376,69,1,0
BRDA:376,70,0,0
BRDA:376,70,1,0
BRDA:377,71,0,0
BRDA:377,71,1,0
BRDA:377,72,0,0
BRDA:377,72,1,0
BRDA:379,73,0,0
BRDA:379,74,0,0
BRDA:379,74,1,0
BRDA:379,75,0,0
BRDA:379,75,1,0
BRDA:380,76,0,0
BRDA:380,76,1,0
BRDA:380,77,0,0
BRDA:380,77,1,0
BRDA:382,78,0,0
BRDA:382,79,0,0
BRDA:382,79,1,0
BRDA:382,80,0,0
BRDA:382,80,1,0
BRDA:383,81,0,0
BRDA:383,81,1,0
BRDA:383,82,0,0
BRDA:383,82,1,0
BRDA:385,83,0,0
BRDA:387,84,0,0
BRDA:387,84,1,0
BRDA:394,85,0,0
BRDA:394,85,1,0
BRDA:395,86,0,0
BRDA:395,86,1,0
BRDA:398,87,0,0
BRDA:398,87,1,0
BRDA:399,88,0,0
BRDA:399,88,1,0
BRDA:408,89,0,0
BRDA:408,90,0,0
BRDA:408,90,1,0
BRDA:408,91,0,0
BRDA:408,91,1,0
BRDA:409,92,0,0
BRDA:409,92,1,0
BRDA:409,93,0,0
BRDA:409,93,1,0
BRDA:411,94,0,0
BRDA:411,95,0,0
BRDA:411,95,1,0
BRDA:411,96,0,0
BRDA:411,96,1,0
BRDA:412,97,0,0
BRDA:412,97,1,0
BRDA:412,98,0,0
BRDA:412,98,1,0
BRDA:414,99,0,0
BRDA:416,100,0,0
BRDA:416,100,1,0
BRDA:423,101,0,0
BRDA:423,101,1,0
BRDA:426,102,0,0
BRDA:426,102,1,0
BRDA:427,103,0,0
BRDA:427,103,1,0
BRDA:438,104,0,0
BRDA:438,105,0,0
BRDA:438,105,1,0
BRDA:438,106,0,0
BRDA:438,106,1,0
BRDA:439,107,0,0
BRDA:439,107,1,0
BRDA:439,108,0,0
BRDA:439,108,1,0
BRDA:441,109,0,0
BRDA:443,110,0,0
BRDA:443,110,1,0
BRDA:450,111,0,0
BRDA:450,111,1,0
BRDA:450,112,0,0
BRDA:450,112,1,0
BRDA:450,113,0,0
BRDA:450,113,1,0
BRDA:451,114,0,0
BRDA:451,114,1,0
BRDA:451,115,0,0
BRDA:451,115,1,0
BRDA:451,116,0,0
BRDA:451,116,1,0
BRDA:452,117,0,0
BRDA:452,117,1,0
BRDA:453,118,0,0
BRDA:453,118,1,0
BRDA:478,119,0,0
BRDA:478,120,0,0
BRDA:478,120,1,0
BRDA:482,121,0,0
BRDA:491,122,0,0
BRDA:507,123,0,0
BRDA:507,123,1,0
BRDA:511,124,0,0
BRDA:530,125,0,0
BRF:233
BRH:0
end_of_record
TN:
SF:app/api/export/calendar/route.ts
FN:8,generateICS
FN:16,(anonymous_8)
FN:21,(anonymous_9)
FN:67,(anonymous_10)
FN:67,(anonymous_11)
FN:89,(anonymous_12)
FN:92,(anonymous_13)
FN:96,(anonymous_14)
FN:118,(anonymous_15)
FN:121,(anonymous_16)
FN:125,(anonymous_17)
FNF:11
FNH:0
FNDA:0,generateICS
FNDA:0,(anonymous_8)
FNDA:0,(anonymous_9)
FNDA:0,(anonymous_10)
FNDA:0,(anonymous_11)
FNDA:0,(anonymous_12)
FNDA:0,(anonymous_13)
FNDA:0,(anonymous_14)
FNDA:0,(anonymous_15)
FNDA:0,(anonymous_16)
FNDA:0,(anonymous_17)
DA:1,0
DA:2,0
DA:3,0
DA:5,0
DA:16,0
DA:17,0
DA:18,0
DA:21,0
DA:22,0
DA:25,0
DA:33,0
DA:34,0
DA:35,0
DA:36,0
DA:37,0
DA:39,0
DA:40,0
DA:43,0
DA:44,0
DA:45,0
DA:48,0
DA:50,0
DA:51,0
DA:54,0
DA:55,0
DA:58,0
DA:61,0
DA:63,0
DA:67,0
DA:68,0
DA:69,0
DA:70,0
DA:71,0
DA:72,0
DA:81,0
DA:84,0
DA:85,0
DA:88,0
DA:89,0
DA:91,0
DA:92,0
DA:96,0
DA:98,0
DA:99,0
DA:100,0
DA:101,0
DA:113,0
DA:114,0
DA:117,0
DA:118,0
DA:120,0
DA:121,0
DA:125,0
DA:127,0
DA:128,0
DA:129,0
DA:140,0
DA:141,0
DA:143,0
DA:150,0
DA:151,0
LF:61
LH:0
BRDA:39,0,0,0
BRDA:39,0,1,0
BRDA:50,1,0,0
BRDA:54,2,0,0
BRDA:54,3,0,0
BRDA:54,3,1,0
BRDA:70,4,0,0
BRDA:70,4,1,0
BRDA:84,5,0,0
BRDA:84,6,0,0
BRDA:84,6,1,0
BRDA:88,7,0,0
BRDA:89,8,0,0
BRDA:89,8,1,0
BRDA:91,9,0,0
BRDA:92,10,0,0
BRDA:92,10,1,0
BRDA:99,11,0,0
BRDA:100,12,0,0
BRDA:100,12,1,0
BRDA:100,13,0,0
BRDA:100,13,1,0
BRDA:104,14,0,0
BRDA:104,14,1,0
BRDA:113,15,0,0
[...]
DA:286,0
DA:287,0
DA:288,0
DA:294,0
DA:295,0
DA:296,0
DA:297,0
DA:298,0
DA:304,0
DA:305,0
DA:306,0
DA:307,0
DA:308,0
LF:131
LH:0
BRDA:13,0,0,0
BRDA:77,1,0,0
BRDA:77,1,1,0
BRDA:78,2,0,0
BRDA:78,2,1,0
BRDA:79,3,0,0
BRDA:79,3,1,0
BRDA:107,4,0,0
BRDA:107,4,1,0
BRDA:130,5,0,0
BRDA:142,6,0,0
BRDA:150,7,0,0
BRDA:210,8,0,0
BRDA:212,9,0,0
BRDA:212,9,1,0
BRDA:214,10,0,0
BRDA:214,10,1,0
BRDA:214,10,2,0
BRDA:216,11,0,0
BRDA:216,11,1,0
BRDA:249,12,0,0
BRDA:249,12,1,0
BRDA:249,13,0,0
BRDA:249,13,1,0
BRDA:253,14,0,0
BRDA:253,14,1,0
BRDA:253,15,0,0
BRDA:253,15,1,0
BRDA:257,16,0,0
BRDA:257,16,1,0
BRDA:257,17,0,0
BRDA:257,17,1,0
BRDA:261,18,0,0
BRDA:261,18,1,0
BRDA:261,19,0,0
BRDA:261,19,1,0
BRDA:265,20,0,0
BRDA:265,20,1,0
BRDA:265,21,0,0
BRDA:265,21,1,0
BRF:40
BRH:0
end_of_record
TN:
SF:lib/utils/confetti.ts
FN:4,fireConfetti
FN:13,fireCelebration
FN:18,randomInRange
FN:22,(anonymous_4)
FN:45,fireStreakConfetti
FN:61,fireStarConfetti
FN:72,shoot
FN:92,fireTrophyConfetti
FN:117,fireSideCannons
FN:122,frame
FN:147,fireEmojiConfetti
FN:163,fireSubtleConfetti
FN:175,triggerConfetti
FNF:13
FNH:0
FNDA:0,fireConfetti
FNDA:0,fireCelebration
FNDA:0,randomInRange
FNDA:0,(anonymous_4)
FNDA:0,fireStreakConfetti
FNDA:0,fireStarConfetti
FNDA:0,shoot
FNDA:0,fireTrophyConfetti
FNDA:0,fireSideCannons
FNDA:0,frame
FNDA:0,fireEmojiConfetti
FNDA:0,fireSubtleConfetti
FNDA:0,triggerConfetti
DA:1,0
DA:4,0
DA:5,0
DA:13,0
DA:14,0
DA:15,0
DA:16,0
DA:19,0
DA:22,0
DA:23,0
DA:25,0
DA:26,0
DA:29,0
DA:31,0
DA:36,0
DA:45,0
DA:46,0
DA:47,0
DA:49,0
DA:61,0
DA:62,0
DA:73,0
DA:79,0
DA:86,0
DA:87,0
DA:88,0
DA:92,0
DA:93,0
DA:94,0
DA:96,0
DA:105,0
DA:110,0
DA:117,0
DA:118,0
DA:120,0
DA:123,0
DA:130,0
DA:138,0
DA:139,0
DA:143,0
DA:147,0
DA:148,0
DA:149,0
DA:151,0
DA:163,0
DA:164,0
DA:175,0
DA:178,0
DA:180,0
DA:181,0
DA:183,0
DA:184,0
DA:186,0
DA:187,0
DA:189,0
DA:190,0
DA:192,0
DA:193,0
LF:58
LH:0
BRDA:25,0,0,0
BRDA:138,1,0,0
BRDA:147,2,0,0
BRDA:178,3,0,0
BRDA:178,3,1,0
BRDA:178,3,2,0
BRDA:178,3,3,0
BRDA:178,3,4,0
BRF:8
BRH:0
end_of_record
TN:
SF:lib/utils/date-helpers.ts
FN:22,formatRelativeDate
FN:30,formatDueDate
FN:78,getDueDateColor
FN:96,getQuickDateOptions
FN:111,formatDuration
FN:126,formatTime
FN:134,formatDate
FN:142,formatDateTime
FN:150,getWeekBounds
FN:160,isWeekday
FN:168,getWeekdays
FN:181,formatActivityTime
FNF:12
FNH:0
FNDA:0,formatRelativeDate
FNDA:0,formatDueDate
FNDA:0,getDueDateColor
FNDA:0,getQuickDateOptions
FNDA:0,formatDuration
FNDA:0,formatTime
FNDA:0,formatDate
FNDA:0,formatDateTime
FNDA:0,getWeekBounds
FNDA:0,isWeekday
FNDA:0,getWeekdays
FNDA:0,formatActivityTime
DA:1,0
DA:22,0
DA:23,0
DA:24,0
DA:30,0
DA:35,0
DA:36,0
DA:37,0
DA:39,0
DA:40,0
DA:43,0
DA:44,0
DA:47,0
DA:48,0
DA:51,0
DA:52,0
DA:53,0
DA:54,0
DA:56,0
DA:59,0
DA:60,0
DA:63,0
DA:64,0
DA:65,0
DA:72,0
DA:78,0
DA:79,0
DA:81,0
DA:83,0
DA:85,0
DA:87,0
DA:89,0
DA:96,0
DA:97,0
DA:98,0
DA:111,0
DA:112,0
DA:113,0
DA:115,0
DA:116,0
DA:117,0
DA:118,0
DA:120,0
DA:126,0
DA:127,0
DA:128,0
DA:134,0
DA:135,0
DA:136,0
DA:142,0
DA:143,0
DA:144,0
DA:150,0
DA:151,0
DA:160,0
DA:161,0
DA:162,0
DA:168,0
DA:169,0
DA:170,0
DA:171,0
DA:172,0
DA:173,0
DA:175,0
DA:181,0
DA:182,0
DA:183,0
DA:184,0
DA:186,0
DA:187,0
DA:189,0
DA:190,0
DA:192,0
DA:193,0
DA:195,0
DA:196,0
DA:197,0
DA:199,0
LF:78
LH:0
BRDA:23,0,0,0
BRDA:23,0,1,0
BRDA:35,1,0,0
BRDA:35,1,1,0
BRDA:39,2,0,0
BRDA:43,3,0,0
BRDA:47,4,0,0
BRDA:51,5,0,0
BRDA:53,6,0,0
BRDA:59,7,0,0
BRDA:63,8,0,0
BRDA:66,9,0,0
BRDA:66,9,1,0
BRDA:79,10,0,0
BRDA:79,10,1,0
BRDA:79,10,2,0
BRDA:79,10,3,0
BRDA:79,10,4,0
BRDA:112,11,0,0
BRDA:117,12,0,0
BRDA:127,13,0,0
BRDA:127,13,1,0
BRDA:135,14,0,0
BRDA:135,14,1,0
BRDA:143,15,0,0
BRDA:143,15,1,0
BRDA:150,16,0,0
BRDA:162,17,0,0
BRDA:162,17,1,0
BRDA:182,18,0,0
BRDA:182,18,1,0
BRDA:186,19,0,0
BRDA:189,20,0,0
BRDA:192,21,0,0
BRDA:196,22,0,0
BRF:35
BRH:0
end_of_record
TN:
SF:lib/utils/date-utils.ts
FN:23,formatDate
FN:28,getRelativeDate
FN:41,getDaysUntil
FN:48,isOverdue
FN:56,getTodayString
FN:69,getTodayInTimezone
FN:90,getCurrentTimeInTimezone
FN:113,isValidEODDate
FN:149,formatDateForDisplay
FNF:9
FNH:0
FNDA:0,formatDate
FNDA:0,getRelativeDate
FNDA:0,getDaysUntil
FNDA:0,isOverdue
FNDA:0,getTodayString
FNDA:0,getTodayInTimezone
FNDA:0,getCurrentTimeInTimezone
FNDA:0,isValidEODDate
FNDA:0,formatDateForDisplay
DA:23,0
DA:24,0
DA:25,0
DA:28,0
DA:29,0
DA:30,0
DA:31,0
DA:32,0
DA:34,0
DA:35,0
DA:36,0
DA:37,0
DA:38,0
DA:41,0
DA:42,0
DA:43,0
DA:44,0
DA:45,0
DA:48,0
DA:49,0
DA:56,0
DA:57,0
DA:58,0
DA:59,0
DA:60,0
DA:61,0
DA:69,0
DA:70,0
DA:71,0
DA:73,0
DA:80,0
DA:83,0
DA:90,0
DA:91,0
DA:92,0
DA:93,0
DA:100,0
DA:113,0
DA:118,0
DA:119,0
DA:120,0
DA:122,0
DA:125,0
DA:126,0
DA:135,0
DA:136,0
DA:143,0
DA:149,0
DA:150,0
DA:151,0
LF:50
LH:0
BRDA:34,0,0,0
BRDA:35,1,0,0
BRDA:36,2,0,0
BRDA:37,3,0,0
BRDA:69,4,0,0
BRDA:90,5,0,0
BRDA:113,6,0,0
BRDA:125,7,0,0
BRDA:135,8,0,0
BRF:9
BRH:0
end_of_record
TN:
SF:lib/utils/dynamic-status-colors.ts
FN:91,getDynamicStatusColors
FN:168,getDynamicPriorityColors
FN:254,getEnergyLevelColors
FN:288,getFocusScoreColors
FN:325,useStatusColor
FNF:5
FNH:0
FNDA:0,getDynamicStatusColors
FNDA:0,getDynamicPriorityColors
FNDA:0,getEnergyLevelColors
FNDA:0,getFocusScoreColors
FNDA:0,useStatusColor
DA:8,0
DA:40,0
DA:91,0
DA:96,0
DA:97,0
DA:101,0
DA:105,0
DA:120,0
DA:135,0
DA:139,0
DA:143,0
DA:158,0
DA:161,0
DA:168,0
DA:173,0
DA:174,0
DA:188,0
DA:189,0
DA:204,0
DA:205,0
DA:221,0
DA:222,0
DA:237,0
DA:254,0
DA:255,0
DA:282,0
DA:288,0
DA:289,0
DA:291,0
DA:292,0
DA:298,0
DA:299,0
DA:305,0
DA:306,0
DA:313,0
DA:325,0
DA:326,0
LF:37
LH:0
BRDA:96,0,0,0
BRDA:101,1,0,0
BRDA:101,1,1,0
BRDA:101,1,2,0
BRDA:101,1,3,0
BRDA:101,1,4,0
BRDA:101,1,5,0
BRDA:101,1,6,0
BRDA:101,1,7,0
BRDA:173,2,0,0
BRDA:188,3,0,0
BRDA:204,4,0,0
BRDA:205,5,0,0
BRDA:205,5,1,0
BRDA:221,6,0,0
BRDA:291,7,0,0
BRDA:291,7,1,0
BRDA:298,8,0,0
BRDA:298,8,1,0
BRDA:305,9,0,0
BRDA:305,9,1,0
BRF:21
BRH:0
end_of_record
TN:
SF:lib/utils/mentions.ts
FN:17,parseMentions
FN:36,resolveMentions
FN:43,(anonymous_2)
FN:45,(anonymous_3)
FN:57,(anonymous_4)
FN:63,renderMentionsHTML
FN:73,getUniqueMentionedUsernames
FN:75,(anonymous_7)
FNF:8
FNH:0
FNDA:0,parseMentions
FNDA:0,resolveMentions
FNDA:0,(anonymous_2)
FNDA:0,(anonymous_3)
FNDA:0,(anonymous_4)
FNDA:0,renderMentionsHTML
FNDA:0,getUniqueMentionedUsernames
FNDA:0,(anonymous_7)
DA:17,0
DA:18,0
DA:19,0
DA:22,0
DA:23,0
DA:30,0
DA:36,0
DA:40,0
DA:42,0
DA:44,0
DA:46,0
DA:52,0
DA:53,0
DA:55,0
DA:57,0
DA:63,0
DA:64,0
DA:73,0
DA:74,0
DA:75,0
LF:20
LH:0
BRDA:46,0,0,0
BRDA:46,0,1,0
BRDA:46,0,2,0
BRDA:46,0,3,0
BRDA:49,1,0,0
BRDA:49,1,1,0
BRDA:49,2,0,0
BRDA:49,2,1,0
BRDA:52,3,0,0
BRF:9
BRH:0
end_of_record
TN:
SF:lib/utils/pagination.ts
FN:39,parsePaginationParams
FN:54,encodeCursor
FN:62,decodeCursor
FN:97,buildCursorFilter
FN:120,buildPaginatedResponse
FNF:5
FNH:0
FNDA:0,parsePaginationParams
FNDA:0,encodeCursor
FNDA:0,decodeCursor
FNDA:0,buildCursorFilter
FNDA:0,buildPaginatedResponse
DA:39,0
DA:40,0
DA:41,0
DA:42,0
DA:43,0
DA:45,0
DA:47,0
DA:54,0
DA:55,0
DA:62,0
DA:66,0
DA:67,0
DA:69,0
DA:70,0
DA:72,0
DA:75,0
DA:76,0
DA:78,0
DA:97,0
DA:102,0
DA:104,0
DA:105,0
DA:107,0
DA:120,0
DA:127,0
DA:128,0
DA:130,0
DA:131,0
DA:132,0
DA:133,0
DA:136,0
LF:31
LH:0
BRDA:40,0,0,0
BRDA:40,0,1,0
BRDA:41,1,0,0
BRDA:41,1,1,0
BRDA:42,2,0,0
BRDA:42,2,1,0
BRDA:45,3,0,0
BRDA:45,3,1,0
BRDA:67,4,0,0
BRDA:72,5,0,0
BRDA:72,6,0,0
BRDA:72,6,1,0
BRDA:76,7,0,0
BRDA:99,8,0,0
BRDA:100,9,0,0
BRDA:102,10,0,0
BRDA:105,11,0,0
BRDA:128,12,0,0
BRDA:128,12,1,0
BRDA:131,13,0,0
BRDA:131,14,0,0
BRDA:131,14,1,0
BRF:22
BRH:0
end_of_record
TN:
SF:lib/utils/report-export.ts
FN:49,generateDailyMarkdown
FN:121,generateWeeklyMarkdown
FN:187,copyToClipboard
FN:210,printReport
FN:218,groupByRock
FN:221,(anonymous_13)
FNF:6
FNH:0
FNDA:0,generateDailyMarkdown
FNDA:0,generateWeeklyMarkdown
FNDA:0,copyToClipboard
FNDA:0,printReport
FNDA:0,groupByRock
FNDA:0,(anonymous_13)
DA:49,0
DA:54,0
DA:56,0
DA:57,0
DA:58,0
DA:60,0
DA:61,0
DA:62,0
DA:63,0
DA:66,0
DA:68,0
DA:69,0
DA:70,0
DA:71,0
DA:72,0
DA:74,0
DA:78,0
DA:79,0
DA:80,0
DA:81,0
DA:83,0
DA:87,0
DA:88,0
DA:89,0
DA:90,0
DA:91,0
DA:92,0
DA:94,0
DA:95,0
DA:98,0
DA:102,0
DA:105,0
DA:106,0
DA:109,0
DA:110,0
DA:111,0
DA:114,0
DA:121,0
DA:126,0
DA:128,0
DA:129,0
DA:130,0
DA:132,0
DA:133,0
DA:134,0
DA:135,0
DA:136,0
DA:139,0
DA:141,0
DA:142,0
DA:143,0
DA:144,0
DA:145,0
DA:147,0
DA:150,0
DA:151,0
DA:152,0
DA:153,0
DA:155,0
DA:159,0
DA:160,0
DA:161,0
DA:162,0
DA:164,0
DA:168,0
DA:169,0
DA:170,0
DA:171,0
DA:173,0
DA:176,0
DA:177,0
DA:180,0
DA:187,0
DA:188,0
DA:189,0
DA:190,0
DA:193,0
DA:194,0
DA:195,0
DA:196,0
DA:197,0
DA:198,0
DA:199,0
DA:200,0
DA:201,0
DA:203,0
DA:205,0
DA:210,0
DA:211,0
DA:221,0
DA:222,0
DA:223,0
DA:224,0
DA:225,0
LF:94
LH:0
BRDA:61,0,0,0
BRDA:61,0,1,0
BRDA:69,1,0,0
BRDA:78,2,0,0
BRDA:78,3,0,0
BRDA:78,3,1,0
BRDA:78,4,0,0
BRDA:78,4,1,0
BRDA:87,5,0,0
BRDA:91,6,0,0
BRDA:102,7,0,0
BRDA:102,7,1,0
BRDA:105,8,0,0
BRDA:105,9,0,0
BRDA:105,9,1,0
BRDA:133,10,0,0
BRDA:133,10,1,0
BRDA:142,11,0,0
BRDA:150,12,0,0
BRDA:150,13,0,0
BRDA:150,13,1,0
BRDA:150,14,0,0
BRDA:150,14,1,0
BRDA:159,15,0,0
BRDA:162,16,0,0
BRDA:168,17,0,0
BRDA:222,18,0,0
BRDA:222,18,1,0
BRDA:223,19,0,0
BRF:29
BRH:0
end_of_record
TN:
SF:lib/utils/sanitize.ts
FN:15,sanitizeHtml
FN:31,(anonymous_2)
FN:46,sanitizeText
FN:59,sanitizeObject
FN:79,sanitizeDeep
FNF:5
FNH:1
FNDA:0,sanitizeHtml
FNDA:0,(anonymous_2)
FNDA:10,sanitizeText
FNDA:0,sanitizeObject
FNDA:0,sanitizeDeep
DA:9,5
DA:15,5
DA:16,0
DA:17,0
DA:31,0
DA:46,5
DA:47,10
DA:48,10
DA:59,5
DA:63,0
DA:65,0
DA:66,0
DA:67,0
DA:68,0
DA:69,0
DA:72,0
DA:79,5
DA:80,0
DA:81,0
DA:83,0
DA:84,0
DA:86,0
DA:87,0
DA:88,0
DA:89,0
DA:91,0
DA:93,0
LF:27
LH:7
BRDA:16,0,0,0
BRDA:47,1,0,0
BRDA:63,2,0,0
BRDA:63,3,0,0
BRDA:63,3,1,0
BRDA:68,4,0,0
BRDA:80,5,0,0
BRDA:83,6,0,0
BRDA:86,7,0,0
BRDA:86,8,0,0
BRDA:86,8,1,0
BRF:11
BRH:0
end_of_record
TN:
SF:lib/utils/stats-calculator.ts
FN:4,isWeekday
FN:11,formatDateLocal
FN:19,calculateEODStreak
FN:23,(anonymous_3)
FN:69,getStreakMilestone
FN:79,calculateUserStats
FN:80,(anonymous_6)
FN:81,(anonymous_7)
FN:82,(anonymous_8)
FN:84,(anonymous_9)
FN:89,(anonymous_10)
FN:91,(anonymous_11)
FN:92,(anonymous_12)
FN:93,(anonymous_13)
FNF:14
FNH:0
FNDA:0,isWeekday
FNDA:0,formatDateLocal
FNDA:0,calculateEODStreak
FNDA:0,(anonymous_3)
FNDA:0,getStreakMilestone
FNDA:0,calculateUserStats
FNDA:0,(anonymous_6)
FNDA:0,(anonymous_7)
FNDA:0,(anonymous_8)
FNDA:0,(anonymous_9)
FNDA:0,(anonymous_10)
FNDA:0,(anonymous_11)
FNDA:0,(anonymous_12)
FNDA:0,(anonymous_13)
DA:5,0
DA:6,0
DA:12,0
DA:13,0
DA:14,0
DA:15,0
DA:20,0
DA:23,0
DA:26,0
DA:27,0
DA:29,0
DA:30,0
DA:33,0
DA:34,0
DA:35,0
DA:39,0
DA:40,0
DA:44,0
DA:46,0
DA:47,0
DA:50,0
DA:52,0
DA:53,0
DA:54,0
DA:57,0
DA:61,0
DA:62,0
DA:65,0
DA:69,0
DA:70,0
DA:71,0
DA:72,0
DA:73,0
DA:74,0
DA:75,0
DA:76,0
DA:79,0
DA:80,0
DA:81,0
DA:82,0
DA:84,0
DA:85,0
DA:86,0
DA:89,0
DA:91,0
DA:92,0
DA:93,0
DA:96,0
DA:98,0
LF:49
LH:0
BRDA:6,0,0,0
BRDA:6,0,1,0
BRDA:20,1,0,0
BRDA:39,2,0,0
BRDA:39,3,0,0
BRDA:39,3,1,0
BRDA:52,4,0,0
BRDA:52,4,1,0
BRDA:62,5,0,0
BRDA:70,6,0,0
BRDA:71,7,0,0
BRDA:72,8,0,0
BRDA:73,9,0,0
BRDA:74,10,0,0
BRDA:75,11,0,0
BRDA:86,12,0,0
BRDA:86,12,1,0
BRDA:89,13,0,0
BRDA:89,13,1,0
BRF:19
BRH:0
end_of_record
TN:
SF:lib/utils/status-colors.ts
FN:176,getRockStatusColors
FN:183,getTaskStatusColors
FN:190,getPriorityColors
FN:197,getEnergyLevelColors
FN:204,getFocusScoreLevel
FN:214,getFocusScoreColors
FN:222,getProgressColor
FN:232,getStatusBadgeClasses
FN:239,getStatusLabel
FN:242,(anonymous_9)
FN:255,getRockStatusColorsThemed
FN:270,getTaskStatusColorsThemed
FN:285,getPriorityColorsThemed
FN:300,getProgressColorThemed
FNF:14
FNH:0
FNDA:0,getRockStatusColors
FNDA:0,getTaskStatusColors
FNDA:0,getPriorityColors
FNDA:0,getEnergyLevelColors
FNDA:0,getFocusScoreLevel
FNDA:0,getFocusScoreColors
FNDA:0,getProgressColor
FNDA:0,getStatusBadgeClasses
FNDA:0,getStatusLabel
FNDA:0,(anonymous_9)
FNDA:0,getRockStatusColorsThemed
FNDA:0,getTaskStatusColorsThemed
FNDA:0,getPriorityColorsThemed
FNDA:0,getProgressColorThemed
DA:11,0
DA:32,0
DA:60,0
DA:88,0
DA:116,0
DA:144,0
DA:176,0
DA:177,0
DA:183,0
DA:184,0
DA:190,0
DA:191,0
DA:197,0
DA:198,0
DA:204,0
DA:205,0
DA:206,0
DA:207,0
DA:208,0
DA:214,0
DA:215,0
DA:216,0
DA:222,0
DA:223,0
DA:224,0
DA:225,0
DA:226,0
DA:232,0
DA:233,0
DA:239,0
DA:240,0
DA:242,0
DA:255,0
DA:259,0
DA:260,0
DA:262,0
DA:270,0
DA:274,0
DA:275,0
DA:277,0
DA:285,0
DA:289,0
DA:290,0
DA:292,0
DA:300,0
DA:301,0
DA:302,0
DA:306,0
DA:307,0
DA:308,0
DA:309,0
LF:51
LH:0
BRDA:177,0,0,0
BRDA:177,0,1,0
BRDA:184,1,0,0
BRDA:184,1,1,0
BRDA:191,2,0,0
BRDA:191,2,1,0
BRDA:198,3,0,0
BRDA:198,3,1,0
BRDA:205,4,0,0
BRDA:206,5,0,0
BRDA:207,6,0,0
BRDA:223,7,0,0
BRDA:224,8,0,0
BRDA:225,9,0,0
BRDA:259,10,0,0
BRDA:260,11,0,0
BRDA:260,11,1,0
BRDA:274,12,0,0
BRDA:275,13,0,0
BRDA:275,13,1,0
BRDA:289,14,0,0
BRDA:290,15,0,0
BRDA:290,15,1,0
BRDA:301,16,0,0
BRDA:306,17,0,0
BRDA:307,18,0,0
BRDA:308,19,0,0
BRF:27
BRH:0
end_of_record
TN:
SF:lib/validation/middleware.ts
FN:35,sanitizeValidatedData
FN:56,formatZodError
FN:57,(anonymous_9)
FN:67,validationErrorResponse
FN:84,validateBody
FN:85,(anonymous_12)
FN:123,validateQuery
FN:131,(anonymous_14)
FN:159,validateParams
FN:182,(anonymous_16)
FN:192,withValidation
FN:195,(anonymous_18)
FN:198,(anonymous_19)
FN:213,parseDate
FN:222,isValidUUID
FN:231,sanitizeString
FN:241,getPaginationParams
FNF:17
FNH:12
FNDA:14,sanitizeValidatedData
FNDA:13,formatZodError
FNDA:19,(anonymous_9)
FNDA:0,validationErrorResponse
FNDA:25,validateBody
FNDA:25,(anonymous_12)
FNDA:2,validateQuery
FNDA:3,(anonymous_14)
FNDA:0,validateParams
FNDA:17,(anonymous_16)
FNDA:0,withValidation
FNDA:0,(anonymous_18)
FNDA:0,(anonymous_19)
FNDA:5,parseDate
FNDA:6,isValidUUID
FNDA:8,sanitizeString
FNDA:10,getPaginationParams
DA:8,6
DA:11,6
DA:14,6
DA:36,14
DA:37,14
DA:38,14
DA:39,196
DA:40,13
DA:43,14
DA:56,6
DA:57,13
DA:58,19
DA:59,19
DA:61,13
DA:67,6
DA:71,0
DA:84,6
DA:85,25
DA:89,25
DA:90,25
DA:92,24
DA:93,24
DA:94,0
DA:95,0
DA:96,0
DA:99,24
DA:101,24
DA:102,10
DA:105,10
DA:108,14
DA:110,11
DA:111,10
DA:113,1
DA:114,0
DA:116,1
DA:123,6
DA:128,2
DA:129,2
DA:131,2
DA:132,3
DA:133,3
DA:134,0
DA:135,0
DA:137,0
DA:140,3
DA:144,2
DA:146,2
DA:147,1
DA:150,1
DA:153,1
DA:159,6
DA:164,0
DA:166,0
DA:167,0
DA:170,0
DA:173,0
DA:179,6
DA:183,17
DA:184,17
DA:185,17
DA:192,6
DA:195,0
DA:198,0
DA:199,0
DA:200,0
DA:202,0
DA:203,0
DA:205,0
DA:213,6
DA:214,5
DA:215,2
DA:216,2
DA:222,6
DA:223,6
DA:224,6
DA:231,6
DA:232,8
DA:241,6
DA:246,10
DA:247,10
DA:248,10
DA:250,10
LF:82
LH:62
BRDA:36,0,0,0
BRDA:36,1,0,14
BRDA:36,1,1,14
BRDA:39,2,0,13
BRDA:59,3,0,19
BRDA:59,3,1,0
BRDA:69,4,0,0
BRDA:87,5,0,21
BRDA:93,6,0,0
BRDA:93,7,0,24
BRDA:93,7,1,0
BRDA:95,8,0,0
BRDA:101,9,0,10
BRDA:102,10,0,4
BRDA:102,10,1,6
BRDA:110,11,0,10
BRDA:113,12,0,0
BRDA:126,13,0,2
BRDA:133,14,0,0
BRDA:133,14,1,3
BRDA:134,15,0,0
BRDA:134,15,1,0
BRDA:146,16,0,1
BRDA:147,17,0,0
BRDA:147,17,1,1
BRDA:162,18,0,0
BRDA:166,19,0,0
BRDA:167,20,0,0
BRDA:167,20,1,0
BRDA:182,21,0,16
BRDA:202,22,0,0
BRDA:214,23,0,3
BRDA:216,24,0,1
BRDA:216,24,1,1
BRDA:246,25,0,10
BRDA:246,25,1,5
BRDA:247,26,0,10
BRDA:247,26,1,4
BRF:38
BRH:22
end_of_record
TN:
SF:lib/validation/schemas.ts
FN:269,(anonymous_0)
FN:282,(anonymous_1)
FN:523,(anonymous_2)
FNF:3
FNH:0
FNDA:0,(anonymous_0)
FNDA:0,(anonymous_1)
FNDA:0,(anonymous_2)
DA:8,3
DA:14,3
DA:16,3
DA:25,3
DA:27,3
DA:29,3
DA:31,3
DA:42,3
DA:48,3
DA:55,3
DA:59,3
DA:64,3
DA:73,3
DA:78,3
DA:84,3
DA:120,3
DA:126,3
DA:137,3
DA:145,3
DA:155,3
DA:163,3
DA:173,3
DA:175,3
DA:177,3
DA:185,3
DA:196,3
DA:208,3
DA:212,3
DA:222,3
DA:224,3
DA:232,3
DA:244,3
DA:257,3
DA:265,3
DA:271,0
DA:273,0
DA:274,0
DA:279,3
DA:284,0
DA:286,0
DA:287,0
DA:292,3
DA:301,3
DA:313,3
DA:327,3
DA:336,3
DA:345,3
DA:354,3
DA:358,3
DA:371,3
DA:381,3
DA:389,3
DA:399,3
DA:405,3
DA:413,3
DA:415,3
DA:428,3
DA:439,3
DA:441,3
DA:454,3
DA:471,3
DA:480,3
DA:494,3
DA:495,3
DA:497,3
DA:513,3
DA:518,3
DA:524,0
DA:525,0
DA:527,0
DA:538,3
DA:546,3
DA:548,3
DA:555,3
DA:561,3
DA:566,3
DA:572,3
DA:579,3
DA:583,3
DA:587,3
DA:592,3
DA:598,3
DA:606,3
DA:607,3
DA:609,3
DA:619,3
DA:627,3
DA:636,3
DA:638,3
DA:640,3
DA:651,3
DA:664,3
DA:679,3
DA:680,3
DA:682,3
DA:694,3
DA:706,3
DA:717,3
DA:719,3
DA:729,3
DA:737,3
DA:745,3
DA:751,3
DA:757,3
DA:765,3
DA:775,3
DA:777,3
DA:782,3
DA:790,3
DA:852,3
DA:853,3
DA:855,3
DA:865,3
DA:872,3
DA:885,3
DA:896,3
DA:900,3
DA:905,3
DA:910,3
DA:914,3
DA:920,3
DA:926,3
DA:932,3
DA:937,3
DA:941,3
DA:959,3
DA:964,3
DA:972,3
DA:979,3
DA:983,3
DA:991,3
DA:997,3
DA:1001,3
DA:1007,3
DA:1019,3
DA:1028,3
DA:1032,3
DA:1043,3
DA:1047,3
DA:1064,3
DA:1069,3
DA:1077,3
DA:1081,3
DA:1093,3
DA:1105,3
DA:1109,3
DA:1113,3
DA:1118,3
DA:1122,3
DA:1126,3
LF:150
LH:141
BRDA:271,0,0,0
BRDA:271,1,0,0
BRDA:271,1,1,0
BRDA:271,1,2,0
BRDA:271,1,3,0
BRDA:274,2,0,0
BRDA:274,2,1,0
BRDA:284,3,0,0
BRDA:284,4,0,0
BRDA:284,4,1,0
BRDA:284,4,2,0
BRDA:284,4,3,0
BRDA:287,5,0,0
BRDA:287,5,1,0
BRDA:524,6,0,0
BRDA:525,7,0,0
BRDA:525,7,1,0
BRF:17
BRH:0
end_of_record
TN:
SF:lib/validation/url.ts
FN:23,isPrivateIPv4
FN:45,isBlockedHostname
FN:79,validateSafeUrl
FN:139,validateWebhookUrl
FNF:4
FNH:0
FNDA:0,isPrivateIPv4
FNDA:0,isBlockedHostname
FNDA:0,validateSafeUrl
FNDA:0,validateWebhookUrl
DA:25,0
DA:28,0
DA:30,0
DA:32,0
DA:33,0
DA:34,0
DA:35,0
DA:36,0
DA:37,0
DA:39,0
DA:46,0
DA:48,0
DA:49,0
DA:50,0
DA:51,0
DA:52,0
DA:54,0
DA:79,1
DA:87,0
DA:89,0
DA:91,0
DA:92,0
DA:95,0
DA:96,0
DA:99,0
DA:100,0
DA:103,0
DA:105,0
DA:108,0
DA:111,0
DA:114,0
DA:115,0
DA:119,0
DA:120,0
DA:124,0
DA:125,0
DA:128,0
DA:130,0
DA:139,1
DA:140,0
LF:40
LH:2
BRDA:28,0,0,0
BRDA:32,1,0,0
BRDA:33,2,0,0
BRDA:34,3,0,0
BRDA:35,4,0,0
BRDA:35,5,0,0
BRDA:35,5,1,0
BRDA:36,6,0,0
BRDA:36,7,0,0
BRDA:36,7,1,0
BRDA:36,7,2,0
BRDA:37,8,0,0
BRDA:37,9,0,0
BRDA:37,9,1,0
BRDA:48,10,0,0
BRDA:49,11,0,0
BRDA:50,12,0,0
BRDA:51,13,0,0
BRDA:52,14,0,0
BRDA:81,15,0,0
BRDA:84,16,0,0
BRDA:85,17,0,0
BRDA:86,18,0,0
BRDA:89,19,0,0
BRDA:89,20,0,0
BRDA:89,20,1,0
BRDA:92,21,0,0
BRDA:92,22,0,0
BRDA:92,22,1,0
BRDA:95,23,0,0
BRDA:95,24,0,0
BRDA:95,24,1,0
BRDA:103,25,0,0
BRDA:103,25,1,0
BRDA:105,26,0,0
BRDA:105,26,1,0
BRDA:105,27,0,0
BRDA:105,27,1,0
BRDA:114,28,0,0
BRDA:114,29,0,0
BRDA:114,29,1,0
BRDA:119,30,0,0
BRDA:124,31,0,0
BRF:43
BRH:0
end_of_record
TN:
SF:lib/webhooks/dispatcher.ts
FN:62,generateSignature
FN:77,(anonymous_9)
FN:85,(anonymous_10)
FN:127,(anonymous_12)
FN:128,(anonymous_13)
FN:259,(anonymous_14)
FN:273,(anonymous_15)
FN:273,(anonymous_16)
FN:284,(anonymous_17)
FN:304,(anonymous_19)
FN:341,(anonymous_21)
FN:375,(anonymous_23)
FN:382,(anonymous_24)
FN:400,dispatchWebhook
FN:408,testWebhook
FN:415,retryWebhookDelivery
FNF:16
FNH:0
FNDA:0,generateSignature
FNDA:0,(anonymous_9)
FNDA:0,(anonymous_10)
FNDA:0,(anonymous_12)
FNDA:0,(anonymous_13)
FNDA:0,(anonymous_14)
FNDA:0,(anonymous_15)
FNDA:0,(anonymous_16)
FNDA:0,(anonymous_17)
FNDA:0,(anonymous_19)
FNDA:0,(anonymous_21)
FNDA:0,(anonymous_23)
FNDA:0,(anonymous_24)
FNDA:0,dispatchWebhook
FNDA:0,testWebhook
FNDA:0,retryWebhookDelivery
DA:11,0
DA:12,0
DA:13,0
DA:14,0
DA:63,0
DA:64,0
DA:65,0
DA:70,0
DA:78,0
DA:79,0
DA:80,0
DA:91,0
DA:99,0
DA:100,0
DA:103,0
DA:111,0
DA:113,0
DA:114,0
DA:118,0
DA:121,0
DA:128,0
DA:134,0
DA:135,0
DA:139,0
DA:147,0
DA:148,0
DA:149,0
DA:152,0
DA:153,0
DA:173,0
DA:174,0
DA:187,0
DA:188,0
DA:190,0
DA:192,0
DA:201,0
DA:208,0
DA:216,0
DA:219,0
DA:220,0
DA:223,0
DA:233,0
DA:240,0
DA:241,0
DA:244,0
DA:247,0
DA:264,0
DA:265,0
DA:268,0
DA:269,0
DA:270,0
DA:273,0
DA:274,0
DA:275,0
DA:278,0
DA:285,0
DA:290,0
DA:291,0
DA:297,0
DA:305,0
DA:313,0
DA:314,0
DA:317,0
DA:319,0
DA:320,0
DA:323,0
DA:332,0
DA:334,0
DA:335,0
DA:342,0
DA:349,0
DA:350,0
DA:358,0
DA:369,0
DA:376,0
DA:383,0
DA:384,0
DA:386,0
DA:394,0
DA:400,0
DA:405,0
DA:408,0
DA:412,0
DA:415,0
DA:419,0
LF:85
LH:0
BRDA:99,0,0,0
BRDA:130,1,0,0
BRDA:134,2,0,0
BRDA:190,3,0,0
BRDA:190,3,1,0
BRDA:220,4,0,0
BRDA:220,4,1,0
BRDA:240,5,0,0
BRDA:240,5,1,0
BRDA:264,6,0,0
BRDA:264,6,1,0
BRDA:269,7,0,0
BRDA:290,8,0,0
BRDA:290,9,0,0
BRDA:290,9,1,0
BRDA:290,10,0,0
BRDA:290,10,1,0
BRDA:313,11,0,0
BRDA:319,12,0,0
BRDA:327,13,0,0
BRDA:327,13,1,0
BRDA:349,14,0,0
BRF:22
BRH:0
end_of_record
